<?xml version="1.0" encoding="utf-8"?><testsuites name="pytest tests"><testsuite name="pytest" errors="0" failures="0" skipped="0" tests="18" time="6.504" timestamp="2026-05-27T06:29:51.323926+00:00" hostname="agent-env-4bc4235e-915a-4298-aef1-5b928a6c1810"><testcase classname="backend.tests.test_phase4.TestAssessments" name="test_list_isb" time="1.635" /><testcase classname="backend.tests.test_phase4.TestAssessments" name="test_detail_eaic" time="0.449" /><testcase classname="backend.tests.test_phase4.TestAssessments" name="test_create_assessment_draft" time="0.133" /><testcase classname="backend.tests.test_phase4.TestAssessments" name="test_start_and_first_item_no_correct_index" time="0.441" /><testcase classname="backend.tests.test_phase4.TestAssessments" name="test_correct_then_wrong_streak_triggers_event" time="0.630" /><testcase classname="backend.tests.test_phase4.TestAssessments" name="test_attempt_report" time="0.100" /><testcase classname="backend.tests.test_phase4.TestPsychometrics" name="test_summary" time="0.109" /><testcase classname="backend.tests.test_phase4.TestPsychometrics" name="test_rules_list_4" time="0.100" /><testcase classname="backend.tests.test_phase4.TestPsychometrics" name="test_patch_rule_disable_and_persist" time="0.314" /><testcase classname="backend.tests.test_phase4.TestPsychometrics" name="test_create_rule_then_patch_threshold" time="0.211" /><testcase classname="backend.tests.test_phase4.TestPsychometrics" name="test_events_filter_pending" time="0.107" /><testcase classname="backend.tests.test_phase4.TestPsychometrics" name="test_approve_event" time="0.330" /><testcase classname="backend.tests.test_phase4.TestPsychometrics" name="test_fairness_run_and_get" time="0.216" /><testcase classname="backend.tests.test_phase4.TestPsychometrics" name="test_drift" time="0.100" /><testcase classname="backend.tests.test_phase4.TestPsychometrics" name="test_cross_tenant_403" time="0.576" /><testcase classname="backend.tests.test_phase4.TestBackwardCompat" name="test_login_still_works" time="0.334" /><testcase classname="backend.tests.test_phase4.TestBackwardCompat" name="test_institutions" time="0.421" /><testcase classname="backend.tests.test_phase4.TestBackwardCompat" name="test_ai_use_cases" time="0.106" /></testsuite></testsuites>