<?xml version="1.0" encoding="utf-8"?><testsuites name="pytest tests"><testsuite name="pytest" errors="0" failures="0" skipped="0" tests="12" time="12.309" timestamp="2026-06-06T13:56:03.386351+00:00" hostname="agent-env-4bc4235e-915a-4298-aef1-5b928a6c1810"><testcase classname="backend.tests.test_phase17_guardian.TestIncidents" name="test_create_incident" time="9.011" /><testcase classname="backend.tests.test_phase17_guardian.TestIncidents" name="test_list_incidents_has_new_at_top" time="0.112" /><testcase classname="backend.tests.test_phase17_guardian.TestIncidents" name="test_resolve_incident" time="0.241" /><testcase classname="backend.tests.test_phase17_guardian.TestIncidents" name="test_resolve_unknown_404" time="0.130" /><testcase classname="backend.tests.test_phase17_guardian.TestIncidents" name="test_student_cannot_post_incident" time="0.436" /><testcase classname="backend.tests.test_phase17_guardian.TestAccess" name="test_student_can_record_access_in_and_out" time="0.591" /><testcase classname="backend.tests.test_phase17_guardian.TestVehicles" name="test_plate_normalised" time="0.220" /><testcase classname="backend.tests.test_phase17_guardian.TestAssets" name="test_status_thresholds_and_upsert" time="0.546" /><testcase classname="backend.tests.test_phase17_guardian.TestAssets" name="test_student_cannot_post_asset" time="0.100" /><testcase classname="backend.tests.test_phase17_guardian.TestSummary" name="test_summary_shape" time="0.124" /><testcase classname="backend.tests.test_phase17_guardian.TestCrossTenant" name="test_vce_principal_to_isb_403_all_four" time="0.473" /><testcase classname="backend.tests.test_phase17_guardian.TestModulesRegistry" name="test_guardian_active_and_count" time="0.116" /></testsuite></testsuites>