<?xml version="1.0" encoding="utf-8"?><testsuites name="pytest tests"><testsuite name="pytest" errors="0" failures="0" skipped="0" tests="11" time="14.714" timestamp="2026-06-07T05:54:46.718411+00:00" hostname="agent-env-4bc4235e-915a-4298-aef1-5b928a6c1810"><testcase classname="backend.tests.test_phase31_claros_ai.TestAssistantIntegration" name="test_assistant_message_grounded" time="8.777" /><testcase classname="backend.tests.test_phase31_claros_ai.TestSessionManager" name="test_list_sessions" time="0.137" /><testcase classname="backend.tests.test_phase31_claros_ai.TestSessionManager" name="test_session_detail_owner_ok" time="0.104" /><testcase classname="backend.tests.test_phase31_claros_ai.TestSessionManager" name="test_session_detail_cross_user_403" time="0.450" /><testcase classname="backend.tests.test_phase31_claros_ai.TestSessionManager" name="test_session_detail_super_admin_ok" time="0.454" /><testcase classname="backend.tests.test_phase31_claros_ai.TestSessionManager" name="test_start_new_session_closes_open" time="0.211" /><testcase classname="backend.tests.test_phase31_claros_ai.TestSessionManager" name="test_delete_session_and_persisted" time="1.449" /><testcase classname="backend.tests.test_phase31_claros_ai.TestContentSourceDelete" name="test_student_delete_source_403" time="0.206" /><testcase classname="backend.tests.test_phase31_claros_ai.TestContentSourceDelete" name="test_upload_then_admin_delete_removes_chunks" time="0.336" /><testcase classname="backend.tests.test_phase31_claros_ai.TestRegressionExistingEndpoints" name="test_instructor_message_still_works" time="2.308" /><testcase classname="backend.tests.test_phase31_claros_ai.TestRegressionExistingEndpoints" name="test_content_sources_list_still_works" time="0.101" /></testsuite></testsuites>