<?xml version="1.0" encoding="utf-8"?><testsuites name="pytest tests"><testsuite name="pytest" errors="0" failures="0" skipped="0" tests="18" time="68.611" timestamp="2026-06-06T17:21:21.574624+00:00" hostname="agent-env-4bc4235e-915a-4298-aef1-5b928a6c1810"><testcase classname="backend.tests.test_phase25_arise.TestLeadScorer" name="test_train_meets_auc" time="6.511" /><testcase classname="backend.tests.test_phase25_arise.TestLeadScorer" name="test_active_model_get" time="0.116" /><testcase classname="backend.tests.test_phase25_arise.TestLeadScorer" name="test_score_new_lead" time="0.207" /><testcase classname="backend.tests.test_phase25_arise.TestLeadScorer" name="test_train_student_403" time="0.445" /><testcase classname="backend.tests.test_phase25_arise.TestLeadScorer" name="test_cross_tenant_403" time="0.471" /><testcase classname="backend.tests.test_phase25_arise.TestEnrollmentPredictor" name="test_predict_ok" time="4.334" /><testcase classname="backend.tests.test_phase25_arise.TestEnrollmentPredictor" name="test_predict_bad_branch_422" time="0.104" /><testcase classname="backend.tests.test_phase25_arise.TestEnrollmentPredictor" name="test_predict_bad_geo_422" time="0.100" /><testcase classname="backend.tests.test_phase25_arise.TestEapcetPredictor" name="test_predict_shape" time="54.694" /><testcase classname="backend.tests.test_phase25_arise.TestEapcetPredictor" name="test_low_rank_high_chance" time="0.106" /><testcase classname="backend.tests.test_phase25_arise.TestSourceAttribution" name="test_shape" time="0.109" /><testcase classname="backend.tests.test_phase25_arise.TestAutoDrip" name="test_drip_dispatched_on_create" time="0.220" /><testcase classname="backend.tests.test_phase25_arise.TestNexusHandoff" name="test_enroll_creates_nexus_student" time="0.338" /><testcase classname="backend.tests.test_phase25_arise.TestBCategory" name="test_allocate_and_cap" time="0.338" /><testcase classname="backend.tests.test_phase25_arise.TestBCategory" name="test_unknown_lead_404" time="0.104" /><testcase classname="backend.tests.test_phase25_arise.TestBCategory" name="test_bad_quota_422" time="0.105" /><testcase classname="backend.tests.test_phase25_arise.TestBCategory" name="test_student_403" time="0.122" /><testcase classname="backend.tests.test_phase25_arise.TestBCategory" name="test_listing" time="0.118" /></testsuite></testsuites>