<?xml version="1.0" encoding="utf-8"?><testsuites name="pytest tests"><testsuite name="pytest" errors="0" failures="0" skipped="0" tests="65" time="50.685" timestamp="2026-06-06T17:04:30.652078+00:00" hostname="agent-env-4bc4235e-915a-4298-aef1-5b928a6c1810"><testcase classname="backend.tests.test_phase21_phase1_complete.TestVeda" name="test_alert_push_and_list" time="0.646" /><testcase classname="backend.tests.test_phase21_phase1_complete.TestVeda" name="test_alert_audience_rejects_invalid" time="0.108" /><testcase classname="backend.tests.test_phase21_phase1_complete.TestVeda" name="test_sentiment_auto_flags_severe" time="0.234" /><testcase classname="backend.tests.test_phase21_phase1_complete.TestVeda" name="test_sentiment_mild_unflagged" time="0.129" /><testcase classname="backend.tests.test_phase21_phase1_complete.TestVeda" name="test_query_gap_capture" time="0.102" /><testcase classname="backend.tests.test_phase21_phase1_complete.TestVeda" name="test_cross_tenant_blocked" time="0.435" /><testcase classname="backend.tests.test_phase21_phase1_complete.TestArise" name="test_program_match_cse_top" time="0.114" /><testcase classname="backend.tests.test_phase21_phase1_complete.TestArise" name="test_program_match_mech_top" time="0.113" /><testcase classname="backend.tests.test_phase21_phase1_complete.TestArise" name="test_drip_unknown_lead_404" time="0.105" /><testcase classname="backend.tests.test_phase21_phase1_complete.TestNexus" name="test_notice_post" time="0.220" /><testcase classname="backend.tests.test_phase21_phase1_complete.TestNexus" name="test_notice_student_denied" time="0.434" /><testcase classname="backend.tests.test_phase21_phase1_complete.TestNexus" name="test_hostel_admin_only" time="0.105" /><testcase classname="backend.tests.test_phase21_phase1_complete.TestNexus" name="test_hostel_alloc_admin_ok" time="0.102" /><testcase classname="backend.tests.test_phase21_phase1_complete.TestNexus" name="test_library_issue_return" time="0.133" /><testcase classname="backend.tests.test_phase21_phase1_complete.TestNexus" name="test_parent_view_aggregates" time="0.099" /><testcase classname="backend.tests.test_phase21_phase1_complete.TestNexus" name="test_timetable_clash_detect" time="0.106" /><testcase classname="backend.tests.test_phase21_phase1_complete.TestNexus" name="test_defaulters_returns_overdue" time="0.139" /><testcase classname="backend.tests.test_phase21_phase1_complete.TestPathfinder" name="test_mock_interview_band" time="0.179" /><testcase classname="backend.tests.test_phase21_phase1_complete.TestPathfinder" name="test_company_intel_admin_only" time="0.132" /><testcase classname="backend.tests.test_phase21_phase1_complete.TestPathfinder" name="test_aptitude_adaptive_difficulty" time="0.227" /><testcase classname="backend.tests.test_phase21_phase1_complete.TestPathfinder" name="test_industry_trends_aggregates" time="0.104" /><testcase classname="backend.tests.test_phase21_phase1_complete.TestCompass" name="test_obe_upsert_summary" time="0.343" /><testcase classname="backend.tests.test_phase21_phase1_complete.TestCompass" name="test_iqac_meeting_admin_only" time="0.104" /><testcase classname="backend.tests.test_phase21_phase1_complete.TestCompass" name="test_iqac_admin_post" time="0.109" /><testcase classname="backend.tests.test_phase21_phase1_complete.TestCompass" name="test_nirf_compile_shape" time="0.104" /><testcase classname="backend.tests.test_phase21_phase1_complete.TestCompass" name="test_gap_analysis_runs" time="0.103" /><testcase classname="backend.tests.test_phase21_phase1_complete.TestCommand" name="test_finance_drilldown" time="0.112" /><testcase classname="backend.tests.test_phase21_phase1_complete.TestCommand" name="test_benchmark_vs_peers" time="0.101" /><testcase classname="backend.tests.test_phase21_phase1_complete.TestCommand" name="test_cross_tenant_command_blocked" time="0.096" /><testcase classname="backend.tests.test_phase22_phase2_complete.TestIlluminate" name="test_quiz_gen_live" time="7.808" /><testcase classname="backend.tests.test_phase22_phase2_complete.TestIlluminate" name="test_quiz_gen_student_403" time="1.183" /><testcase classname="backend.tests.test_phase22_phase2_complete.TestIlluminate" name="test_at_risk_returns_list" time="0.106" /><testcase classname="backend.tests.test_phase22_phase2_complete.TestIlluminate" name="test_cross_tenant_quiz_blocked" time="0.448" /><testcase classname="backend.tests.test_phase22_phase2_complete.TestPrism" name="test_doi_lookup_real" time="0.285" /><testcase classname="backend.tests.test_phase22_phase2_complete.TestPrism" name="test_doi_invalid_404" time="0.217" /><testcase classname="backend.tests.test_phase22_phase2_complete.TestPrism" name="test_openalex_sync_real" time="1.353" /><testcase classname="backend.tests.test_phase22_phase2_complete.TestAlumni" name="test_enrich_profile_deterministic" time="0.321" /><testcase classname="backend.tests.test_phase22_phase2_complete.TestAlumni" name="test_enrich_unknown_404" time="0.103" /><testcase classname="backend.tests.test_phase22_phase2_complete.TestAlumni" name="test_utm_click_and_summary" time="0.462" /><testcase classname="backend.tests.test_phase22_phase2_complete.TestAlumni" name="test_enrich_student_403" time="0.237" /><testcase classname="backend.tests.test_phase22_phase2_complete.TestFaculty" name="test_workload_bands" time="0.107" /><testcase classname="backend.tests.test_phase22_phase2_complete.TestFaculty" name="test_workload_empty_422" time="0.100" /><testcase classname="backend.tests.test_phase22_phase2_complete.TestFaculty" name="test_peer_review_submit_summary" time="0.451" /><testcase classname="backend.tests.test_phase22_phase2_complete.TestFaculty" name="test_peer_review_rating_validation" time="0.107" /><testcase classname="backend.tests.test_phase22_phase2_complete.TestGuardian" name="test_yolo_high_severity_escalates" time="0.101" /><testcase classname="backend.tests.test_phase22_phase2_complete.TestGuardian" name="test_yolo_low_confidence_no_escalate" time="0.110" /><testcase classname="backend.tests.test_phase22_phase2_complete.TestGuardian" name="test_yolo_low_severity_no_escalate" time="0.128" /><testcase classname="backend.tests.test_phase22_phase2_complete.TestGuardian" name="test_yolo_bad_detection_type_422" time="0.112" /><testcase classname="backend.tests.test_phase22_phase2_complete.TestGuardian" name="test_yolo_stream_listing" time="0.106" /><testcase classname="backend.tests.test_phase23_phase3_complete.TestAnomalies" name="test_seed_then_detect" time="1.491" /><testcase classname="backend.tests.test_phase23_phase3_complete.TestAnomalies" name="test_invalid_metric_422" time="0.112" /><testcase classname="backend.tests.test_phase23_phase3_complete.TestAnomalies" name="test_threshold_zero_422" time="0.101" /><testcase classname="backend.tests.test_phase23_phase3_complete.TestAnomalies" name="test_higher_threshold_returns_fewer" time="0.234" /><testcase classname="backend.tests.test_phase23_phase3_complete.TestAnomalies" name="test_cross_tenant_blocked" time="0.968" /><testcase classname="backend.tests.test_phase23_phase3_complete.TestSolar" name="test_ingest_with_pr" time="0.120" /><testcase classname="backend.tests.test_phase23_phase3_complete.TestSolar" name="test_ingest_low_pr" time="0.108" /><testcase classname="backend.tests.test_phase23_phase3_complete.TestSolar" name="test_ingest_without_irradiance_no_pr" time="0.106" /><testcase classname="backend.tests.test_phase23_phase3_complete.TestSolar" name="test_summary_rolls_up" time="0.102" /><testcase classname="backend.tests.test_phase23_phase3_complete.TestSolar" name="test_solar_mirrored_into_energy" time="0.110" /><testcase classname="backend.tests.test_phase23_phase3_complete.TestSolar" name="test_readings_listing" time="0.104" /><testcase classname="backend.tests.test_phase23_phase3_complete.TestSolar" name="test_ingest_invalid_irradiance" time="0.106" /><testcase classname="backend.tests.test_phase23_phase3_complete.TestActionPlan" name="test_generate_grounded_plan" time="27.312" /><testcase classname="backend.tests.test_phase23_phase3_complete.TestActionPlan" name="test_plan_listing" time="0.161" /><testcase classname="backend.tests.test_phase23_phase3_complete.TestActionPlan" name="test_plan_student_403" time="0.440" /><testcase classname="backend.tests.test_phase23_phase3_complete.TestActionPlan" name="test_plan_invalid_focus_422" time="0.119" /></testsuite></testsuites>