<?xml version="1.0" encoding="utf-8"?><testsuites name="pytest tests"><testsuite name="pytest" errors="0" failures="0" skipped="0" tests="16" time="56.884" timestamp="2026-05-27T06:09:37.384556+00:00" hostname="agent-env-4bc4235e-915a-4298-aef1-5b928a6c1810"><testcase classname="backend.tests.test_ai_phase3" name="test_use_cases_isb_count_and_shape" time="0.411" /><testcase classname="backend.tests.test_ai_phase3" name="test_use_cases_eaic_default_provider" time="0.336" /><testcase classname="backend.tests.test_ai_phase3" name="test_patch_use_case_ai_instructor" time="0.153" /><testcase classname="backend.tests.test_ai_phase3" name="test_content_sources_eaic_seeded" time="0.049" /><testcase classname="backend.tests.test_ai_phase3" name="test_content_upload_text_only" time="0.104" /><testcase classname="backend.tests.test_ai_phase3" name="test_content_approve_indexes_chunks" time="0.171" /><testcase classname="backend.tests.test_ai_phase3" name="test_content_generate_mcqs" time="10.251" /><testcase classname="backend.tests.test_ai_phase3" name="test_content_output_approve" time="0.100" /><testcase classname="backend.tests.test_ai_phase3" name="test_instructor_message_with_citations" time="29.965" /><testcase classname="backend.tests.test_ai_phase3" name="test_advisor_framework_isb" time="0.049" /><testcase classname="backend.tests.test_ai_phase3" name="test_advisor_profile_isb_student" time="0.047" /><testcase classname="backend.tests.test_ai_phase3" name="test_advisor_analyse" time="3.660" /><testcase classname="backend.tests.test_ai_phase3" name="test_assistant_message_attendance" time="11.183" /><testcase classname="backend.tests.test_ai_phase3" name="test_audit_isb_has_entries" time="0.052" /><testcase classname="backend.tests.test_ai_phase3" name="test_cross_tenant_use_cases_forbidden" time="0.049" /><testcase classname="backend.tests.test_ai_phase3" name="test_backward_compat_login_me_institutions" time="0.209" /></testsuite></testsuites>