<?xml version="1.0" encoding="utf-8"?><testsuites name="pytest tests"><testsuite name="pytest" errors="0" failures="0" skipped="0" tests="34" time="26.719" timestamp="2026-06-07T06:56:06.121151+00:00" hostname="agent-env-4bc4235e-915a-4298-aef1-5b928a6c1810"><testcase classname="backend.tests.test_phase33_claros_enroll.TestEnrollEndpoints" name="test_a_list_leads_seeded" time="11.186" /><testcase classname="backend.tests.test_phase33_claros_enroll.TestEnrollEndpoints" name="test_b_create_lead_authed" time="0.246" /><testcase classname="backend.tests.test_phase33_claros_enroll.TestEnrollEndpoints" name="test_c_create_lead_public_no_auth" time="0.103" /><testcase classname="backend.tests.test_phase33_claros_enroll.TestEnrollEndpoints" name="test_d_create_lead_public_missing_iid_400" time="0.149" /><testcase classname="backend.tests.test_phase33_claros_enroll.TestEnrollEndpoints" name="test_e_filter_status_source" time="0.201" /><testcase classname="backend.tests.test_phase33_claros_enroll.TestEnrollEndpoints" name="test_f_update_with_status_change" time="0.314" /><testcase classname="backend.tests.test_phase33_claros_enroll.TestEnrollEndpoints" name="test_g_invalid_status_400" time="0.272" /><testcase classname="backend.tests.test_phase33_claros_enroll.TestEnrollEndpoints" name="test_h_log_activity" time="0.350" /><testcase classname="backend.tests.test_phase33_claros_enroll.TestEnrollEndpoints" name="test_i_invalid_activity_type_400" time="0.205" /><testcase classname="backend.tests.test_phase33_claros_enroll.TestEnrollEndpoints" name="test_j_ai_counsel" time="7.631" /><testcase classname="backend.tests.test_phase33_claros_enroll.TestEnrollEndpoints" name="test_k_funnel" time="0.121" /><testcase classname="backend.tests.test_phase33_claros_enroll.TestEnrollEndpoints" name="test_l_sources" time="0.144" /><testcase classname="backend.tests.test_phase33_claros_enroll.TestEnrollEndpoints" name="test_m_daily" time="0.112" /><testcase classname="backend.tests.test_phase33_claros_enroll.TestEnrollEndpoints" name="test_n_bulk_import" time="0.105" /><testcase classname="backend.tests.test_phase33_claros_enroll.TestEnrollEndpoints" name="test_o_delete_lead" time="0.326" /><testcase classname="backend.tests.test_phase33_claros_enroll.TestAuthz" name="test_student_cannot_delete" time="0.562" /><testcase classname="backend.tests.test_phase33_claros_enroll.TestAuthz" name="test_student_cannot_activity" time="0.200" /><testcase classname="backend.tests.test_phase33_claros_enroll.TestAuthz" name="test_student_cannot_ai_counsel" time="0.199" /><testcase classname="backend.tests.test_phase33_claros_enroll.TestAuthz" name="test_cross_tenant_list_403" time="0.103" /><testcase classname="backend.tests.test_phase33_claros_enroll.TestAuthz" name="test_registrar_cannot_delete" time="0.517" /><testcase classname="backend.tests.test_phase33_claros_enroll.TestLeadScore" name="test_score_at_creation[1000-REFERRAL-45]" time="0.112" /><testcase classname="backend.tests.test_phase33_claros_enroll.TestLeadScore" name="test_score_at_creation[18000-EVENT-30]" time="0.102" /><testcase classname="backend.tests.test_phase33_claros_enroll.TestLeadScore" name="test_score_at_creation[10000-WEBSITE-25]" time="0.107" /><testcase classname="backend.tests.test_phase33_claros_enroll.TestLeadScore" name="test_score_at_creation[600000-WALKIN-0]" time="0.104" /><testcase classname="backend.tests.test_phase33_claros_enroll.TestLeadScore" name="test_score_after_status_counseled" time="0.228" /><testcase classname="backend.tests.test_phase33_claros_enroll.TestLeadScore" name="test_score_bumps_with_activities" time="0.535" /><testcase classname="backend.tests.test_phase33_claros_enroll.TestMultiTenantSeed" name="test_tenant_has_30_leads[shankar.dean@isb.edu]" time="0.450" /><testcase classname="backend.tests.test_phase33_claros_enroll.TestMultiTenantSeed" name="test_tenant_has_30_leads[khalid.exec@eaic.gov.ae]" time="0.427" /><testcase classname="backend.tests.test_phase33_claros_enroll.TestMultiTenantSeed" name="test_tenant_has_30_leads[emma.admin@bradford.ac.uk]" time="0.426" /><testcase classname="backend.tests.test_phase33_claros_enroll.TestMultiTenantSeed" name="test_isb_sources_distribution" time="0.431" /><testcase classname="backend.tests.test_phase33_claros_enroll.TestRegression" name="test_arise_legacy_leads" time="0.119" /><testcase classname="backend.tests.test_phase33_claros_enroll.TestRegression" name="test_arise_scoring" time="0.107" /><testcase classname="backend.tests.test_phase33_claros_enroll.TestRegression" name="test_core_stats_still_works" time="0.112" /><testcase classname="backend.tests.test_phase33_claros_enroll.TestRegression" name="test_core_notices" time="0.100" /></testsuite></testsuites>