<?xml version="1.0" encoding="utf-8"?><testsuites name="pytest tests"><testsuite name="pytest" errors="0" failures="0" skipped="0" tests="12" time="2.204" timestamp="2026-06-06T14:51:56.169397+00:00" hostname="agent-env-4bc4235e-915a-4298-aef1-5b928a6c1810"><testcase classname="backend.tests.test_phase20_p3.TestSeedPhase2" name="test_alumni_directory_diversity" time="0.567" /><testcase classname="backend.tests.test_phase20_p3.TestSeedPhase2" name="test_prism_publications_seeded" time="0.114" /><testcase classname="backend.tests.test_phase20_p3.TestSeedPhase2" name="test_pathfinder_drives_seeded" time="0.122" /><testcase classname="backend.tests.test_phase20_p3.TestSeedPhase2" name="test_greeniq_energy_seeded" time="0.105" /><testcase classname="backend.tests.test_phase20_p3.TestMentorMatchDiversity" name="test_aiml_ml_match" time="0.126" /><testcase classname="backend.tests.test_phase20_p3.TestMentorMatchDiversity" name="test_ece_embedded_match" time="0.094" /><testcase classname="backend.tests.test_phase20_p3.TestExecBriefing" name="test_briefing_shape" time="0.106" /><testcase classname="backend.tests.test_phase20_p3.TestExecBriefing" name="test_briefing_cross_tenant_403" time="0.163" /><testcase classname="backend.tests.test_phase20_p3.TestExecBriefing" name="test_briefing_unauth" time="0.102" /><testcase classname="backend.tests.test_phase20_p3.TestModulesCatalog" name="test_catalog_has_12" time="0.101" /><testcase classname="backend.tests.test_phase20_p3.TestModulesCatalog" name="test_tenant_modules_get" time="0.106" /><testcase classname="backend.tests.test_phase20_p3.TestModulesCatalog" name="test_patch_module_flip" time="0.434" /></testsuite></testsuites>