<?xml version="1.0" encoding="utf-8"?><testsuites name="pytest tests"><testsuite name="pytest" errors="0" failures="0" skipped="0" tests="35" time="8.940" timestamp="2026-06-07T06:31:32.380803+00:00" hostname="agent-env-4bc4235e-915a-4298-aef1-5b928a6c1810"><testcase classname="backend.tests.test_phase32_claros_core.TestCoreStatsAndLookups" name="test_stats_admin" time="0.465" /><testcase classname="backend.tests.test_phase32_claros_core.TestCoreStatsAndLookups" name="test_departments" time="0.108" /><testcase classname="backend.tests.test_phase32_claros_core.TestCoreStatsAndLookups" name="test_programs" time="0.109" /><testcase classname="backend.tests.test_phase32_claros_core.TestCoreStatsAndLookups" name="test_courses" time="0.095" /><testcase classname="backend.tests.test_phase32_claros_core.TestStudents" name="test_list_students_admin" time="0.214" /><testcase classname="backend.tests.test_phase32_claros_core.TestStudents" name="test_list_students_filter_q" time="0.158" /><testcase classname="backend.tests.test_phase32_claros_core.TestStudents" name="test_list_students_filter_graduated_empty" time="0.103" /><testcase classname="backend.tests.test_phase32_claros_core.TestStudents" name="test_students_me_student" time="0.452" /><testcase classname="backend.tests.test_phase32_claros_core.TestStudents" name="test_get_student_by_id_admin" time="0.211" /><testcase classname="backend.tests.test_phase32_claros_core.TestStudents" name="test_update_student_admin" time="0.327" /><testcase classname="backend.tests.test_phase32_claros_core.TestAttendance" name="test_mark_attendance_faculty" time="0.638" /><testcase classname="backend.tests.test_phase32_claros_core.TestAttendance" name="test_attendance_report_admin" time="0.123" /><testcase classname="backend.tests.test_phase32_claros_core.TestAttendance" name="test_attendance_summary_me" time="0.137" /><testcase classname="backend.tests.test_phase32_claros_core.TestTimetable" name="test_timetable_me_student" time="0.098" /><testcase classname="backend.tests.test_phase32_claros_core.TestTimetable" name="test_timetable_me_faculty" time="0.241" /><testcase classname="backend.tests.test_phase32_claros_core.TestFees" name="test_fees_me" time="0.105" /><testcase classname="backend.tests.test_phase32_claros_core.TestFees" name="test_fees_student_admin" time="0.233" /><testcase classname="backend.tests.test_phase32_claros_core.TestFees" name="test_fee_payment_mock" time="0.214" /><testcase classname="backend.tests.test_phase32_claros_core.TestFees" name="test_fees_report" time="0.105" /><testcase classname="backend.tests.test_phase32_claros_core.TestNotices" name="test_list_notices_admin" time="0.098" /><testcase classname="backend.tests.test_phase32_claros_core.TestNotices" name="test_list_notices_category_filter" time="0.096" /><testcase classname="backend.tests.test_phase32_claros_core.TestNotices" name="test_create_and_delete_notice" time="0.209" /><testcase classname="backend.tests.test_phase32_claros_core.TestNotices" name="test_invalid_category_400" time="0.113" /><testcase classname="backend.tests.test_phase32_claros_core.TestAuthorization" name="test_student_cannot_mark_attendance" time="0.205" /><testcase classname="backend.tests.test_phase32_claros_core.TestAuthorization" name="test_student_cannot_delete_others_notice" time="0.203" /><testcase classname="backend.tests.test_phase32_claros_core.TestAuthorization" name="test_student_cannot_get_other_student" time="0.222" /><testcase classname="backend.tests.test_phase32_claros_core.TestAuthorization" name="test_student_cannot_update_student" time="0.205" /><testcase classname="backend.tests.test_phase32_claros_core.TestAuthorization" name="test_student_cannot_fetch_other_fees" time="0.212" /><testcase classname="backend.tests.test_phase32_claros_core.TestAuthorization" name="test_cross_tenant_403" time="0.089" /><testcase classname="backend.tests.test_phase32_claros_core.TestMultiTenantSeed" name="test_each_tenant_has_seed[shankar.dean@isb.edu-Demo@2026]" time="0.436" /><testcase classname="backend.tests.test_phase32_claros_core.TestMultiTenantSeed" name="test_each_tenant_has_seed[khalid.exec@eaic.gov.ae-Demo@2026]" time="0.425" /><testcase classname="backend.tests.test_phase32_claros_core.TestMultiTenantSeed" name="test_each_tenant_has_seed[emma.admin@bradford.ac.uk-Demo@2026]" time="0.432" /><testcase classname="backend.tests.test_phase32_claros_core.TestNexusLegacyRegression" name="test_nexus_fees_legacy" time="0.101" /><testcase classname="backend.tests.test_phase32_claros_core.TestNexusLegacyRegression" name="test_nexus2_timetable_solve" time="0.104" /><testcase classname="backend.tests.test_phase32_claros_core.TestPhase31Regression" name="test_ai_assistant_message" time="1.579" /></testsuite></testsuites>