<?xml version="1.0" encoding="utf-8"?><testsuites name="pytest tests"><testsuite name="pytest" errors="0" failures="0" skipped="0" tests="13" time="36.292" timestamp="2026-06-07T09:48:02.128424+00:00" hostname="agent-env-4bc4235e-915a-4298-aef1-5b928a6c1810"><testcase classname="backend.tests.test_claros_learn" name="test_health" time="15.361" /><testcase classname="backend.tests.test_claros_learn" name="test_student_my_courses" time="0.160" /><testcase classname="backend.tests.test_claros_learn" name="test_faculty_my_courses" time="0.459" /><testcase classname="backend.tests.test_claros_learn" name="test_hod_sees_all_courses" time="0.453" /><testcase classname="backend.tests.test_claros_learn" name="test_student_content_listing" time="0.227" /><testcase classname="backend.tests.test_claros_learn" name="test_student_cannot_create_content" time="0.221" /><testcase classname="backend.tests.test_claros_learn" name="test_submit_to_bogus_content_404" time="0.105" /><testcase classname="backend.tests.test_claros_learn" name="test_quiz_generate_invalid_num" time="0.216" /><testcase classname="backend.tests.test_claros_learn" name="test_student_submit_assignment_and_progress" time="0.536" /><testcase classname="backend.tests.test_claros_learn" name="test_student_quiz_listing_and_attempt" time="0.555" /><testcase classname="backend.tests.test_claros_learn" name="test_faculty_ai_quiz_generate" time="10.225" /><testcase classname="backend.tests.test_claros_learn" name="test_hod_ai_grade" time="7.238" /><testcase classname="backend.tests.test_claros_learn" name="test_faculty_create_content" time="0.312" /></testsuite></testsuites>