<?xml version="1.0" encoding="utf-8"?><testsuites name="pytest tests"><testsuite name="pytest" errors="0" failures="0" skipped="0" tests="15" time="31.190" timestamp="2026-06-07T11:30:32.190185+00:00" hostname="agent-env-4bc4235e-915a-4298-aef1-5b928a6c1810"><testcase classname="backend.tests.test_claros_launch" name="test_readiness_score" time="2.661" /><testcase classname="backend.tests.test_claros_launch" name="test_drives_list_student" time="0.131" /><testcase classname="backend.tests.test_claros_launch" name="test_drives_list_admin" time="0.438" /><testcase classname="backend.tests.test_claros_launch" name="test_canonical_alias_drives_identical" time="0.206" /><testcase classname="backend.tests.test_claros_launch" name="test_companies_list" time="0.104" /><testcase classname="backend.tests.test_claros_launch" name="test_my_skills" time="0.099" /><testcase classname="backend.tests.test_claros_launch" name="test_skill_gaps_ai" time="17.448" /><testcase classname="backend.tests.test_claros_launch" name="test_interview_evaluate" time="8.565" /><testcase classname="backend.tests.test_claros_launch" name="test_interview_history" time="0.131" /><testcase classname="backend.tests.test_claros_launch" name="test_student_cannot_access_admin_stats" time="0.114" /><testcase classname="backend.tests.test_claros_launch" name="test_admin_can_access_stats" time="0.107" /><testcase classname="backend.tests.test_claros_launch" name="test_faculty_can_access_stats" time="0.462" /><testcase classname="backend.tests.test_claros_launch" name="test_admin_cannot_access_student_only_routes" time="0.100" /><testcase classname="backend.tests.test_claros_launch" name="test_unauthenticated_blocked" time="0.102" /><testcase classname="backend.tests.test_claros_launch" name="test_post_companies_endpoint_existence" time="0.424" /></testsuite></testsuites>