<?xml version="1.0" encoding="utf-8"?><testsuites name="pytest tests"><testsuite name="pytest" errors="0" failures="0" skipped="0" tests="15" time="7.145" timestamp="2026-05-27T08:51:42.750824+00:00" hostname="agent-env-4bc4235e-915a-4298-aef1-5b928a6c1810"><testcase classname="backend.tests.test_phase7.TestAcademicCRUD" name="test_crud_lifecycle[campuses-body_template0-patch0]" time="2.495" /><testcase classname="backend.tests.test_phase7.TestAcademicCRUD" name="test_crud_lifecycle[departments-body_template1-patch1]" time="0.659" /><testcase classname="backend.tests.test_phase7.TestAcademicCRUD" name="test_crud_lifecycle[programmes-body_template2-patch2]" time="0.668" /><testcase classname="backend.tests.test_phase7.TestAcademicCRUD" name="test_crud_lifecycle[courses-body_template3-patch3]" time="0.645" /><testcase classname="backend.tests.test_phase7.TestAcademicCRUD" name="test_crud_lifecycle[cohorts-body_template4-patch4]" time="0.667" /><testcase classname="backend.tests.test_phase7.TestAcademicCRUD" name="test_audit_entries_present" time="0.309" /><testcase classname="backend.tests.test_phase7.TestTenantIsolation" name="test_isb_user_cannot_post_to_eaic" time="0.102" /><testcase classname="backend.tests.test_phase7.TestTenantIsolation" name="test_isb_user_cannot_patch_eaic_institution" time="0.113" /><testcase classname="backend.tests.test_phase7.TestInstitutionPatch" name="test_patch_ai_config_and_governance" time="0.299" /><testcase classname="backend.tests.test_phase7.TestContentStudioUpload" name="test_pdf_text_extraction_present" time="0.168" /><testcase classname="backend.tests.test_phase7.TestContentStudioUpload" name="test_upload_audit_written" time="0.099" /><testcase classname="backend.tests.test_phase7.TestContentStudioUpload" name="test_unsupported_mime_returns_415" time="0.101" /><testcase classname="backend.tests.test_phase7.TestContentStudioUpload" name="test_download_returns_binary" time="0.099" /><testcase classname="backend.tests.test_phase7.TestContentStudioUpload" name="test_download_cross_tenant_forbidden" time="0.435" /><testcase classname="backend.tests.test_phase7.TestContentStudioUpload" name="test_download_missing_source_404" time="0.130" /></testsuite></testsuites>