<?xml version="1.0" encoding="utf-8"?><testsuites name="pytest tests"><testsuite name="pytest" errors="0" failures="0" skipped="0" tests="27" time="23.741" timestamp="2026-06-07T07:17:51.047155+00:00" hostname="agent-env-4bc4235e-915a-4298-aef1-5b928a6c1810"><testcase classname="backend.tests.test_phase34_claros_comply.TestDashboard" name="test_dashboard_shape" time="0.470" /><testcase classname="backend.tests.test_phase34_claros_comply.TestDashboard" name="test_dashboard_seeded_metrics_for_c1_c3_c5" time="0.102" /><testcase classname="backend.tests.test_phase34_claros_comply.TestCriteria" name="test_list_criteria" time="0.111" /><testcase classname="backend.tests.test_phase34_claros_comply.TestCriteria" name="test_get_criterion_detail" time="0.202" /><testcase classname="backend.tests.test_phase34_claros_comply.TestMetrics" name="test_list_metrics_by_criterion" time="0.188" /><testcase classname="backend.tests.test_phase34_claros_comply.TestMetrics" name="test_update_metric_as_admin" time="0.335" /><testcase classname="backend.tests.test_phase34_claros_comply.TestMetrics" name="test_update_metric_as_student_forbidden" time="0.640" /><testcase classname="backend.tests.test_phase34_claros_comply.TestEvidence" name="test_list_evidence" time="0.205" /><testcase classname="backend.tests.test_phase34_claros_comply.TestEvidence" name="test_upload_and_delete_evidence" time="0.329" /><testcase classname="backend.tests.test_phase34_claros_comply.TestEvidence" name="test_delete_evidence_student_forbidden" time="1.430" /><testcase classname="backend.tests.test_phase34_claros_comply.TestReadiness" name="test_readiness_shape" time="0.121" /><testcase classname="backend.tests.test_phase34_claros_comply.TestAqar" name="test_aqar_generate_as_faculty" time="16.382" /><testcase classname="backend.tests.test_phase34_claros_comply.TestAqar" name="test_aqar_invalid_criterion_404" time="0.141" /><testcase classname="backend.tests.test_phase34_claros_comply.TestOBE" name="test_obe_programs" time="0.110" /><testcase classname="backend.tests.test_phase34_claros_comply.TestOBE" name="test_obe_outcomes_for_btech_cse" time="0.218" /><testcase classname="backend.tests.test_phase34_claros_comply.TestOBE" name="test_obe_mapping_upsert" time="0.392" /><testcase classname="backend.tests.test_phase34_claros_comply.TestOBE" name="test_obe_mapping_invalid_level" time="0.119" /><testcase classname="backend.tests.test_phase34_claros_comply.TestAuthZ" name="test_cross_tenant_dashboard_forbidden" time="0.095" /><testcase classname="backend.tests.test_phase34_claros_comply.TestMultiTenant" name="test_isb_has_seeded_metrics" time="0.427" /><testcase classname="backend.tests.test_phase34_claros_comply.TestMultiTenant" name="test_eaic_empty_naac_seed" time="0.429" /><testcase classname="backend.tests.test_phase34_claros_comply.TestMultiTenant" name="test_uob_empty_naac_seed" time="0.466" /><testcase classname="backend.tests.test_phase34_claros_comply.TestRegression" name="test_enroll_leads" time="0.099" /><testcase classname="backend.tests.test_phase34_claros_comply.TestRegression" name="test_enroll_funnel" time="0.117" /><testcase classname="backend.tests.test_phase34_claros_comply.TestRegression" name="test_core_stats" time="0.109" /><testcase classname="backend.tests.test_phase34_claros_comply.TestRegression" name="test_core_students" time="0.207" /><testcase classname="backend.tests.test_phase34_claros_comply.TestRegression" name="test_legacy_compass_timeline" time="0.104" /><testcase classname="backend.tests.test_phase34_claros_comply.TestRegression" name="test_legacy_compass_aqar_preview" time="0.109" /></testsuite></testsuites>