<?xml version="1.0" encoding="utf-8"?><testsuites name="pytest tests"><testsuite name="pytest" errors="0" failures="0" skipped="0" tests="18" time="2.503" timestamp="2026-05-27T05:31:54.043224+00:00" hostname="agent-env-4bc4235e-915a-4298-aef1-5b928a6c1810"><testcase classname="backend.tests.backend_test" name="test_root_health" time="0.232" /><testcase classname="backend.tests.backend_test" name="test_login_super_admin" time="0.283" /><testcase classname="backend.tests.backend_test" name="test_login_invalid" time="0.277" /><testcase classname="backend.tests.backend_test" name="test_auth_me_with_token" time="0.324" /><testcase classname="backend.tests.backend_test" name="test_auth_me_without_token" time="0.144" /><testcase classname="backend.tests.backend_test" name="test_super_admin_sees_all_institutions" time="0.053" /><testcase classname="backend.tests.backend_test" name="test_institution_admin_sees_only_own" time="0.325" /><testcase classname="backend.tests.backend_test" name="test_get_institution_detail" time="0.056" /><testcase classname="backend.tests.backend_test" name="test_isb_programmes_count" time="0.055" /><testcase classname="backend.tests.backend_test" name="test_isb_courses_count" time="0.050" /><testcase classname="backend.tests.backend_test" name="test_isb_campuses_count" time="0.053" /><testcase classname="backend.tests.backend_test" name="test_eaic_programmes_count" time="0.058" /><testcase classname="backend.tests.backend_test" name="test_create_programme_and_persist" time="0.161" /><testcase classname="backend.tests.backend_test" name="test_cross_tenant_forbidden" time="0.049" /><testcase classname="backend.tests.backend_test" name="test_isb_users_count" time="0.054" /><testcase classname="backend.tests.backend_test" name="test_roles_count" time="0.061" /><testcase classname="backend.tests.backend_test" name="test_dashboard_isb" time="0.050" /><testcase classname="backend.tests.backend_test" name="test_dashboard_cross_tenant_forbidden" time="0.052" /></testsuite></testsuites>