<?xml version="1.0" encoding="utf-8"?><testsuites name="pytest tests"><testsuite name="pytest" errors="0" failures="0" skipped="0" tests="16" time="33.092" timestamp="2026-06-06T16:40:26.588161+00:00" hostname="agent-env-4bc4235e-915a-4298-aef1-5b928a6c1810"><testcase classname="backend.tests.test_phase23_phase3_complete.TestAnomalies" name="test_seed_then_detect" time="1.727" /><testcase classname="backend.tests.test_phase23_phase3_complete.TestAnomalies" name="test_invalid_metric_422" time="0.107" /><testcase classname="backend.tests.test_phase23_phase3_complete.TestAnomalies" name="test_threshold_zero_422" time="0.152" /><testcase classname="backend.tests.test_phase23_phase3_complete.TestAnomalies" name="test_higher_threshold_returns_fewer" time="0.207" /><testcase classname="backend.tests.test_phase23_phase3_complete.TestAnomalies" name="test_cross_tenant_blocked" time="0.439" /><testcase classname="backend.tests.test_phase23_phase3_complete.TestSolar" name="test_ingest_with_pr" time="0.125" /><testcase classname="backend.tests.test_phase23_phase3_complete.TestSolar" name="test_ingest_low_pr" time="0.111" /><testcase classname="backend.tests.test_phase23_phase3_complete.TestSolar" name="test_ingest_without_irradiance_no_pr" time="0.113" /><testcase classname="backend.tests.test_phase23_phase3_complete.TestSolar" name="test_summary_rolls_up" time="0.109" /><testcase classname="backend.tests.test_phase23_phase3_complete.TestSolar" name="test_solar_mirrored_into_energy" time="0.121" /><testcase classname="backend.tests.test_phase23_phase3_complete.TestSolar" name="test_readings_listing" time="0.108" /><testcase classname="backend.tests.test_phase23_phase3_complete.TestSolar" name="test_ingest_invalid_irradiance" time="0.107" /><testcase classname="backend.tests.test_phase23_phase3_complete.TestActionPlan" name="test_generate_grounded_plan" time="28.846" /><testcase classname="backend.tests.test_phase23_phase3_complete.TestActionPlan" name="test_plan_listing" time="0.156" /><testcase classname="backend.tests.test_phase23_phase3_complete.TestActionPlan" name="test_plan_student_403" time="0.498" /><testcase classname="backend.tests.test_phase23_phase3_complete.TestActionPlan" name="test_plan_invalid_focus_422" time="0.102" /></testsuite></testsuites>