<?xml version="1.0" encoding="utf-8"?><testsuites name="pytest tests"><testsuite name="pytest" errors="0" failures="0" skipped="0" tests="24" time="64.584" timestamp="2026-06-06T17:03:19.489785+00:00" hostname="agent-env-4bc4235e-915a-4298-aef1-5b928a6c1810"><testcase classname="backend.tests.test_phase24_veda.TestIntent" name="test_catalog_has_60_plus" time="0.547" /><testcase classname="backend.tests.test_phase24_veda.TestIntent" name="test_keyword_classify[when are the exam dates published?-academic-exam_schedule]" time="0.112" /><testcase classname="backend.tests.test_phase24_veda.TestIntent" name="test_keyword_classify[what is my attendance percentage-academic-attendance]" time="0.148" /><testcase classname="backend.tests.test_phase24_veda.TestIntent" name="test_keyword_classify[my fee is due tomorrow-fees-fee_due]" time="0.109" /><testcase classname="backend.tests.test_phase24_veda.TestIntent" name="test_keyword_classify[which book can I borrow-library-library_book]" time="0.104" /><testcase classname="backend.tests.test_phase24_veda.TestIntent" name="test_keyword_classify[how can I book a hostel room-hostel-hostel_allocation]" time="0.116" /><testcase classname="backend.tests.test_phase24_veda.TestIntent" name="test_keyword_classify[any internship opportunities-placement-internship]" time="0.107" /><testcase classname="backend.tests.test_phase24_veda.TestIntent" name="test_keyword_classify[I am feeling anxious-wellbeing-mental_health]" time="0.110" /><testcase classname="backend.tests.test_phase24_veda.TestIntent" name="test_keyword_classify[hello there-general-small_talk]" time="0.110" /><testcase classname="backend.tests.test_phase24_veda.TestIntent" name="test_llm_fallback" time="1.498" /><testcase classname="backend.tests.test_phase24_veda.TestIntent" name="test_empty_text_422" time="0.108" /><testcase classname="backend.tests.test_phase24_veda.TestIntent" name="test_persist_and_list" time="0.232" /><testcase classname="backend.tests.test_phase24_veda.TestIntent" name="test_cross_tenant_403" time="0.440" /><testcase classname="backend.tests.test_phase24_veda.TestVoice" name="test_bad_language_422" time="0.102" /><testcase classname="backend.tests.test_phase24_veda.TestVoice" name="test_bad_extension_422" time="0.101" /><testcase classname="backend.tests.test_phase24_veda.TestVoice" name="test_voice_list" time="0.111" /><testcase classname="backend.tests.test_phase24_veda.TestKbIngestion" name="test_status_shape" time="0.106" /><testcase classname="backend.tests.test_phase24_veda.TestKbIngestion" name="test_ingest_run_processes_pending" time="0.349" /><testcase classname="backend.tests.test_phase24_veda.TestKbIngestion" name="test_ingest_history" time="0.115" /><testcase classname="backend.tests.test_phase24_veda.TestKbIngestion" name="test_ingest_student_403" time="0.417" /><testcase classname="backend.tests.test_phase24_veda.TestAssistant" name="test_rag_grounded_for_admin" time="17.020" /><testcase classname="backend.tests.test_phase24_veda.TestAssistant" name="test_persona_student" time="5.820" /><testcase classname="backend.tests.test_phase24_veda.TestAssistant" name="test_role_override_parent" time="16.449" /><testcase classname="backend.tests.test_phase24_veda.TestAssistant" name="test_telugu_request" time="20.178" /></testsuite></testsuites>