<?xml version="1.0" encoding="utf-8"?><testsuites name="pytest tests"><testsuite name="pytest" errors="0" failures="0" skipped="0" tests="23" time="4.225" timestamp="2026-06-06T13:45:10.010473+00:00" hostname="agent-env-4bc4235e-915a-4298-aef1-5b928a6c1810"><testcase classname="backend.tests.test_phase16_platforms.TestIlluminate" name="test_list_courses_authorized" time="0.531" /><testcase classname="backend.tests.test_phase16_platforms.TestIlluminate" name="test_create_course" time="0.112" /><testcase classname="backend.tests.test_phase16_platforms.TestIlluminate" name="test_create_course_forbidden_for_student" time="0.444" /><testcase classname="backend.tests.test_phase16_platforms.TestIlluminate" name="test_create_assignment" time="0.106" /><testcase classname="backend.tests.test_phase16_platforms.TestIlluminate" name="test_progress_upsert_no_dup" time="0.219" /><testcase classname="backend.tests.test_phase16_platforms.TestIlluminate" name="test_summary" time="0.124" /><testcase classname="backend.tests.test_phase16_platforms.TestPrism" name="test_publications_and_summary" time="0.658" /><testcase classname="backend.tests.test_phase16_platforms.TestPrism" name="test_cross_tenant_write_forbidden" time="0.120" /><testcase classname="backend.tests.test_phase16_platforms.TestAlumni" name="test_add_two_alumni" time="0.219" /><testcase classname="backend.tests.test_phase16_platforms.TestAlumni" name="test_mentorship_happy" time="0.105" /><testcase classname="backend.tests.test_phase16_platforms.TestAlumni" name="test_mentorship_not_available" time="0.106" /><testcase classname="backend.tests.test_phase16_platforms.TestAlumni" name="test_mentorship_unknown_mentor" time="0.117" /><testcase classname="backend.tests.test_phase16_platforms.TestAlumni" name="test_donation_and_summary" time="0.229" /><testcase classname="backend.tests.test_phase16_platforms.TestFacultyPlus" name="test_create_profile" time="0.102" /><testcase classname="backend.tests.test_phase16_platforms.TestFacultyPlus" name="test_profile_forbidden_for_student" time="0.109" /><testcase classname="backend.tests.test_phase16_platforms.TestFacultyPlus" name="test_fdp_admin_ok" time="0.103" /><testcase classname="backend.tests.test_phase16_platforms.TestFacultyPlus" name="test_fdp_student_allowed" time="0.103" /><testcase classname="backend.tests.test_phase16_platforms.TestFacultyPlus" name="test_appraisal_composite_meets" time="0.100" /><testcase classname="backend.tests.test_phase16_platforms.TestFacultyPlus" name="test_appraisal_exceeds" time="0.106" /><testcase classname="backend.tests.test_phase16_platforms.TestFacultyPlus" name="test_appraisal_below" time="0.110" /><testcase classname="backend.tests.test_phase16_platforms.TestFacultyPlus" name="test_appraisal_forbidden_for_student" time="0.098" /><testcase classname="backend.tests.test_phase16_platforms.TestFacultyPlus" name="test_summary" time="0.128" /><testcase classname="backend.tests.test_phase16_platforms.TestModulesRegistry" name="test_phase2_modules_active" time="0.107" /></testsuite></testsuites>