<?xml version="1.0" encoding="utf-8"?><testsuites name="pytest tests"><testsuite name="pytest" errors="0" failures="0" skipped="0" tests="15" time="3.141" timestamp="2026-06-06T14:33:03.518930+00:00" hostname="agent-env-4bc4235e-915a-4298-aef1-5b928a6c1810"><testcase classname="backend.tests.test_phase19_integration.TestPrismPubsByAuthor" name="test_basic_author_match" time="1.737" /><testcase classname="backend.tests.test_phase19_integration.TestPrismPubsByAuthor" name="test_token_split_drops_dr_stopword" time="0.143" /><testcase classname="backend.tests.test_phase19_integration.TestPrismPubsByAuthor" name="test_empty_author" time="0.111" /><testcase classname="backend.tests.test_phase19_integration.TestPrismPubsByAuthor" name="test_only_stopword" time="0.120" /><testcase classname="backend.tests.test_phase19_integration.TestPrismPubsByAuthor" name="test_cross_tenant_denied" time="0.114" /><testcase classname="backend.tests.test_phase19_integration.TestAlumniMentorMatch" name="test_cse_sde_returns_scored_mentors" time="0.115" /><testcase classname="backend.tests.test_phase19_integration.TestAlumniMentorMatch" name="test_aiml_ml_filter_availability" time="0.124" /><testcase classname="backend.tests.test_phase19_integration.TestAlumniMentorMatch" name="test_limit_1" time="0.101" /><testcase classname="backend.tests.test_phase19_integration.TestAlumniMentorMatch" name="test_cross_tenant_denied" time="0.101" /><testcase classname="backend.tests.test_phase19_integration.TestCompassAqarPreview" name="test_c3_research_metrics" time="0.178" /><testcase classname="backend.tests.test_phase19_integration.TestCompassAqarPreview" name="test_c5_student_support_metrics" time="0.000" /><testcase classname="backend.tests.test_phase19_integration.TestCompassAqarPreview" name="test_c7_best_practices_metrics" time="0.000" /><testcase classname="backend.tests.test_phase19_integration.TestCompassAqarPreview" name="test_totals_object_extended" time="0.000" /><testcase classname="backend.tests.test_phase19_integration.TestCompassAqarPreview" name="test_score_a_plus_band" time="0.000" /><testcase classname="backend.tests.test_phase19_integration.TestCompassAqarPreview" name="test_freeze_persists_totals" time="0.106" /></testsuite></testsuites>