<?xml version="1.0" encoding="utf-8"?><testsuites name="pytest tests"><testsuite name="pytest" errors="0" failures="1" skipped="0" tests="14" time="38.323" timestamp="2026-06-07T08:49:08.011230+00:00" hostname="agent-env-4bc4235e-915a-4298-aef1-5b928a6c1810"><testcase classname="backend.tests.test_claros_insights" name="test_overview_returns_12_keys" time="11.139" /><testcase classname="backend.tests.test_claros_insights" name="test_alerts_listing" time="0.148" /><testcase classname="backend.tests.test_claros_insights" name="test_create_alert_rule" time="0.127" /><testcase classname="backend.tests.test_claros_insights" name="test_evaluate_rules" time="0.114" /><testcase classname="backend.tests.test_claros_insights" name="test_naac_summary" time="0.109"><failure message="AssertionError: assert ('C1' in [1, 2, 3, 4, 5, 6, ...])">backend/tests/test_claros_insights.py:85: in test_naac_summary
    assert "C1" in codes and "C5" in codes
E   AssertionError: assert ('C1' in [1, 2, 3, 4, 5, 6, ...])</failure></testcase><testcase classname="backend.tests.test_claros_insights" name="test_trends_attendance" time="0.146" /><testcase classname="backend.tests.test_claros_insights" name="test_trends_placements" time="0.122" /><testcase classname="backend.tests.test_claros_insights" name="test_generate_report" time="25.196" /><testcase classname="backend.tests.test_claros_insights" name="test_student_forbidden[/api/v1/insights/overview-GET-None]" time="0.494" /><testcase classname="backend.tests.test_claros_insights" name="test_student_forbidden[/api/v1/insights/alerts-GET-None]" time="0.101" /><testcase classname="backend.tests.test_claros_insights" name="test_student_forbidden[/api/v1/insights/naac/summary-GET-None]" time="0.132" /><testcase classname="backend.tests.test_claros_insights" name="test_student_forbidden[/api/v1/insights/trends/attendance-GET-None]" time="0.119" /><testcase classname="backend.tests.test_claros_insights" name="test_student_forbidden[/api/v1/insights/reports/generate-POST-body4]" time="0.102" /><testcase classname="backend.tests.test_claros_insights" name="test_student_forbidden[/api/v1/insights/alerts/rules-POST-body5]" time="0.103" /></testsuite></testsuites>