<?xml version="1.0" encoding="utf-8"?><testsuites name="pytest tests"><testsuite name="pytest" errors="0" failures="1" skipped="0" tests="14" time="9.798" timestamp="2026-06-06T13:19:20.633517+00:00" hostname="agent-env-4bc4235e-915a-4298-aef1-5b928a6c1810"><testcase classname="backend.tests.test_phase14_platforms.TestArise" name="test_create_lead" time="5.771" /><testcase classname="backend.tests.test_phase14_platforms.TestArise" name="test_list_leads_summary" time="0.262" /><testcase classname="backend.tests.test_phase14_platforms.TestArise" name="test_patch_lead_and_cross_tenant" time="0.245" /><testcase classname="backend.tests.test_phase14_platforms.TestNexus" name="test_attendance" time="0.202" /><testcase classname="backend.tests.test_phase14_platforms.TestNexus" name="test_fees" time="0.767" /><testcase classname="backend.tests.test_phase14_platforms.TestNexus" name="test_certificates_public_verify" time="0.286" /><testcase classname="backend.tests.test_phase14_platforms.TestCompass" name="test_preview" time="0.127" /><testcase classname="backend.tests.test_phase14_platforms.TestCompass" name="test_freeze_and_history" time="0.303" /><testcase classname="backend.tests.test_phase14_platforms.TestPathfinder" name="test_drives_and_apply" time="0.430" /><testcase classname="backend.tests.test_phase14_platforms.TestPathfinder" name="test_resume_score" time="0.096"><failure message="assert 69 &gt;= 70">backend/tests/test_phase14_platforms.py:166: in test_resume_score
    assert res["total"] &gt;= 70
E   assert 69 &gt;= 70</failure></testcase><testcase classname="backend.tests.test_phase14_platforms.TestCommand" name="test_forecast" time="0.099" /><testcase classname="backend.tests.test_phase14_platforms.TestCommand" name="test_anomalies" time="0.122" /><testcase classname="backend.tests.test_phase14_platforms.TestCommand" name="test_readiness" time="0.119" /><testcase classname="backend.tests.test_phase14_platforms.TestSecurity" name="test_cross_tenant_blocked" time="0.626" /></testsuite></testsuites>