<?xml version="1.0" encoding="utf-8"?><testsuites name="pytest tests"><testsuite name="pytest" errors="0" failures="0" skipped="0" tests="19" time="4.263" timestamp="2026-05-27T09:17:29.147913+00:00" hostname="agent-env-4bc4235e-915a-4298-aef1-5b928a6c1810"><testcase classname="backend.tests.test_phase8.TestAuth" name="test_email_password_login_issues_jwt" time="0.457" /><testcase classname="backend.tests.test_phase8.TestAuth" name="test_google_session_no_sid_returns_400" time="0.115" /><testcase classname="backend.tests.test_phase8.TestAuth" name="test_google_session_bad_sid_in_body_returns_401" time="0.199" /><testcase classname="backend.tests.test_phase8.TestAuth" name="test_google_session_bad_sid_in_header_returns_401" time="0.160" /><testcase classname="backend.tests.test_phase8.TestWorkflowTemplates" name="test_create_template_admin_ok" time="0.427" /><testcase classname="backend.tests.test_phase8.TestWorkflowTemplates" name="test_create_no_steps_returns_422" time="0.105" /><testcase classname="backend.tests.test_phase8.TestWorkflowTemplates" name="test_create_invalid_kind_returns_422" time="0.107" /><testcase classname="backend.tests.test_phase8.TestWorkflowTemplates" name="test_create_duplicate_keys_returns_422" time="0.101" /><testcase classname="backend.tests.test_phase8.TestWorkflowTemplates" name="test_create_tenant_mismatch_returns_400" time="0.100" /><testcase classname="backend.tests.test_phase8.TestWorkflowTemplates" name="test_create_non_admin_returns_403" time="0.437" /><testcase classname="backend.tests.test_phase8.TestWorkflowTemplates" name="test_cross_tenant_create_returns_403" time="0.439" /><testcase classname="backend.tests.test_phase8.TestWorkflowTemplates" name="test_patch_template_updates_and_bumps_version" time="0.111" /><testcase classname="backend.tests.test_phase8.TestWorkflowTemplates" name="test_cross_tenant_patch_returns_403" time="0.107" /><testcase classname="backend.tests.test_phase8.TestWorkflowTemplates" name="test_delete_template_admin_ok_and_audit_written" time="0.311" /><testcase classname="backend.tests.test_phase8.TestIntegrations" name="test_get_returns_skeleton_no_500" time="0.117" /><testcase classname="backend.tests.test_phase8.TestIntegrations" name="test_patch_persists_and_response_masks_key" time="0.203" /><testcase classname="backend.tests.test_phase8.TestIntegrations" name="test_patch_blank_key_preserves_existing" time="0.211" /><testcase classname="backend.tests.test_phase8.TestIntegrations" name="test_email_test_with_bogus_key_returns_4xx_no_500" time="0.285" /><testcase classname="backend.tests.test_phase8.TestIntegrations" name="test_email_test_not_configured_returns_graceful" time="0.204" /></testsuite></testsuites>