<?xml version="1.0" encoding="utf-8"?><testsuites name="pytest tests"><testsuite name="pytest" errors="0" failures="0" skipped="0" tests="31" time="17.015" timestamp="2026-05-27T11:02:04.993048+00:00" hostname="agent-env-4bc4235e-915a-4298-aef1-5b928a6c1810"><testcase classname="backend.tests.test_phase10_messaging" name="test_super_admin_login" time="3.342" /><testcase classname="backend.tests.test_phase10_messaging" name="test_isb_logins[rajiv.admin@isb.edu]" time="0.327" /><testcase classname="backend.tests.test_phase10_messaging" name="test_isb_logins[shankar.dean@isb.edu]" time="0.333" /><testcase classname="backend.tests.test_phase10_messaging" name="test_isb_logins[ananya.faculty@isb.edu]" time="0.327" /><testcase classname="backend.tests.test_phase10_messaging" name="test_isb_logins[vikram.pgp@isb.edu]" time="0.328" /><testcase classname="backend.tests.test_phase10_messaging" name="test_isb_logins[meera.pgp@isb.edu]" time="0.335" /><testcase classname="backend.tests.test_phase10_messaging" name="test_isb_logins[raghav.registrar@isb.edu]" time="0.340" /><testcase classname="backend.tests.test_phase10_messaging" name="test_isb_logins[priya.careers@isb.edu]" time="0.364" /><testcase classname="backend.tests.test_phase10_messaging" name="test_isb_logins[arjun.compliance@isb.edu]" time="0.324" /><testcase classname="backend.tests.test_phase10_messaging" name="test_isb_logins[kavya.aigov@isb.edu]" time="0.324" /><testcase classname="backend.tests.test_phase10_messaging" name="test_eaic_logins[fatima.admin@eaic.gov.ae]" time="0.330" /><testcase classname="backend.tests.test_phase10_messaging" name="test_eaic_logins[khalid.exec@eaic.gov.ae]" time="0.328" /><testcase classname="backend.tests.test_phase10_messaging" name="test_eaic_logins[noura.instructor@eaic.gov.ae]" time="0.339" /><testcase classname="backend.tests.test_phase10_messaging" name="test_eaic_logins[saif.cadet@eaic.gov.ae]" time="0.337" /><testcase classname="backend.tests.test_phase10_messaging" name="test_eaic_logins[hessa.training@eaic.gov.ae]" time="0.332" /><testcase classname="backend.tests.test_phase10_messaging" name="test_eaic_logins[ahmed.workforce@eaic.gov.ae]" time="0.378" /><testcase classname="backend.tests.test_phase10_messaging" name="test_eaic_logins[majid.linemgr@eaic.gov.ae]" time="0.351" /><testcase classname="backend.tests.test_phase10_messaging" name="test_eaic_logins[mariam.compliance@eaic.gov.ae]" time="0.330" /><testcase classname="backend.tests.test_phase10_messaging" name="test_eaic_logins[saeed.officer@eaic.gov.ae]" time="0.327" /><testcase classname="backend.tests.test_phase10_messaging" name="test_uob_logins[emma.admin@bradford.ac.uk]" time="0.332" /><testcase classname="backend.tests.test_phase10_messaging" name="test_uob_logins[james.faculty@bradford.ac.uk]" time="0.330" /><testcase classname="backend.tests.test_phase10_messaging" name="test_dashboard_isb_metrics" time="0.459" /><testcase classname="backend.tests.test_phase10_messaging" name="test_dashboard_eaic_metrics" time="0.463" /><testcase classname="backend.tests.test_phase10_messaging" name="test_dashboard_uob_metrics" time="0.435" /><testcase classname="backend.tests.test_phase10_messaging" name="test_institutions_three_tenants" time="0.452" /><testcase classname="backend.tests.test_phase10_messaging" name="test_roles_endpoint_15" time="0.453" /><testcase classname="backend.tests.test_phase10_messaging" name="test_isb_users_role_coverage" time="0.421" /><testcase classname="backend.tests.test_phase10_messaging" name="test_eaic_users_role_coverage" time="0.455" /><testcase classname="backend.tests.test_phase10_messaging" name="test_uob_users_role_coverage" time="0.438" /><testcase classname="backend.tests.test_phase10_messaging" name="test_ticket_creation_and_notifications_flow" time="2.624" /><testcase classname="backend.tests.test_phase10_messaging" name="test_notifications_mark_all_read" time="0.558" /></testsuite></testsuites>