<?xml version="1.0" encoding="utf-8"?><testsuites name="pytest tests"><testsuite name="pytest" errors="0" failures="0" skipped="0" tests="3" time="18.727" timestamp="2026-05-27T10:11:44.993304+00:00" hostname="agent-env-4bc4235e-915a-4298-aef1-5b928a6c1810"><testcase classname="backend.tests.test_phase9_regression" name="test_suggestions_first_item_anchored_to_porter" time="1.483" /><testcase classname="backend.tests.test_phase9_regression" name="test_instructor_message_first_suggestion_returns_citations" time="9.104" /><testcase classname="backend.tests.test_phase9_regression" name="test_instructor_message_tenant_wide_fallback_when_course_has_no_match" time="7.992" /></testsuite></testsuites>