<?xml version="1.0" encoding="utf-8"?><testsuites name="pytest tests"><testsuite name="pytest" errors="0" failures="1" skipped="0" tests="107" time="270.518" timestamp="2026-06-06T17:46:53.863295+00:00" hostname="agent-env-4bc4235e-915a-4298-aef1-5b928a6c1810"><testcase classname="backend.tests.test_phase21_phase1_complete.TestVeda" name="test_alert_push_and_list" time="0.604" /><testcase classname="backend.tests.test_phase21_phase1_complete.TestVeda" name="test_alert_audience_rejects_invalid" time="0.128" /><testcase classname="backend.tests.test_phase21_phase1_complete.TestVeda" name="test_sentiment_auto_flags_severe" time="0.245" /><testcase classname="backend.tests.test_phase21_phase1_complete.TestVeda" name="test_sentiment_mild_unflagged" time="0.110" /><testcase classname="backend.tests.test_phase21_phase1_complete.TestVeda" name="test_query_gap_capture" time="0.108" /><testcase classname="backend.tests.test_phase21_phase1_complete.TestVeda" name="test_cross_tenant_blocked" time="0.435" /><testcase classname="backend.tests.test_phase21_phase1_complete.TestArise" name="test_program_match_cse_top" time="0.105" /><testcase classname="backend.tests.test_phase21_phase1_complete.TestArise" name="test_program_match_mech_top" time="0.117" /><testcase classname="backend.tests.test_phase21_phase1_complete.TestArise" name="test_drip_unknown_lead_404" time="0.116" /><testcase classname="backend.tests.test_phase21_phase1_complete.TestNexus" name="test_notice_post" time="0.223" /><testcase classname="backend.tests.test_phase21_phase1_complete.TestNexus" name="test_notice_student_denied" time="0.430" /><testcase classname="backend.tests.test_phase21_phase1_complete.TestNexus" name="test_hostel_admin_only" time="0.117" /><testcase classname="backend.tests.test_phase21_phase1_complete.TestNexus" name="test_hostel_alloc_admin_ok" time="0.110" /><testcase classname="backend.tests.test_phase21_phase1_complete.TestNexus" name="test_library_issue_return" time="0.117" /><testcase classname="backend.tests.test_phase21_phase1_complete.TestNexus" name="test_parent_view_aggregates" time="0.106" /><testcase classname="backend.tests.test_phase21_phase1_complete.TestNexus" name="test_timetable_clash_detect" time="0.113" /><testcase classname="backend.tests.test_phase21_phase1_complete.TestNexus" name="test_defaulters_returns_overdue" time="0.110" /><testcase classname="backend.tests.test_phase21_phase1_complete.TestPathfinder" name="test_mock_interview_band" time="0.105" /><testcase classname="backend.tests.test_phase21_phase1_complete.TestPathfinder" name="test_company_intel_admin_only" time="0.119" /><testcase classname="backend.tests.test_phase21_phase1_complete.TestPathfinder" name="test_aptitude_adaptive_difficulty" time="0.225" /><testcase classname="backend.tests.test_phase21_phase1_complete.TestPathfinder" name="test_industry_trends_aggregates" time="0.099" /><testcase classname="backend.tests.test_phase21_phase1_complete.TestCompass" name="test_obe_upsert_summary" time="0.330" /><testcase classname="backend.tests.test_phase21_phase1_complete.TestCompass" name="test_iqac_meeting_admin_only" time="0.103" /><testcase classname="backend.tests.test_phase21_phase1_complete.TestCompass" name="test_iqac_admin_post" time="0.113" /><testcase classname="backend.tests.test_phase21_phase1_complete.TestCompass" name="test_nirf_compile_shape" time="0.115" /><testcase classname="backend.tests.test_phase21_phase1_complete.TestCompass" name="test_gap_analysis_runs" time="0.102" /><testcase classname="backend.tests.test_phase21_phase1_complete.TestCommand" name="test_finance_drilldown" time="0.114" /><testcase classname="backend.tests.test_phase21_phase1_complete.TestCommand" name="test_benchmark_vs_peers" time="0.104" /><testcase classname="backend.tests.test_phase21_phase1_complete.TestCommand" name="test_cross_tenant_command_blocked" time="0.105" /><testcase classname="backend.tests.test_phase22_phase2_complete.TestIlluminate" name="test_quiz_gen_live" time="7.715" /><testcase classname="backend.tests.test_phase22_phase2_complete.TestIlluminate" name="test_quiz_gen_student_403" time="0.470" /><testcase classname="backend.tests.test_phase22_phase2_complete.TestIlluminate" name="test_at_risk_returns_list" time="0.109" /><testcase classname="backend.tests.test_phase22_phase2_complete.TestIlluminate" name="test_cross_tenant_quiz_blocked" time="0.454" /><testcase classname="backend.tests.test_phase22_phase2_complete.TestPrism" name="test_doi_lookup_real" time="0.277" /><testcase classname="backend.tests.test_phase22_phase2_complete.TestPrism" name="test_doi_invalid_404" time="0.225" /><testcase classname="backend.tests.test_phase22_phase2_complete.TestPrism" name="test_openalex_sync_real" time="0.988" /><testcase classname="backend.tests.test_phase22_phase2_complete.TestAlumni" name="test_enrich_profile_deterministic" time="0.315" /><testcase classname="backend.tests.test_phase22_phase2_complete.TestAlumni" name="test_enrich_unknown_404" time="0.104" /><testcase classname="backend.tests.test_phase22_phase2_complete.TestAlumni" name="test_utm_click_and_summary" time="0.440" /><testcase classname="backend.tests.test_phase22_phase2_complete.TestAlumni" name="test_enrich_student_403" time="0.228" /><testcase classname="backend.tests.test_phase22_phase2_complete.TestFaculty" name="test_workload_bands" time="0.128" /><testcase classname="backend.tests.test_phase22_phase2_complete.TestFaculty" name="test_workload_empty_422" time="0.117" /><testcase classname="backend.tests.test_phase22_phase2_complete.TestFaculty" name="test_peer_review_submit_summary" time="0.437" /><testcase classname="backend.tests.test_phase22_phase2_complete.TestFaculty" name="test_peer_review_rating_validation" time="0.097" /><testcase classname="backend.tests.test_phase22_phase2_complete.TestGuardian" name="test_yolo_high_severity_escalates" time="0.105" /><testcase classname="backend.tests.test_phase22_phase2_complete.TestGuardian" name="test_yolo_low_confidence_no_escalate" time="0.103" /><testcase classname="backend.tests.test_phase22_phase2_complete.TestGuardian" name="test_yolo_low_severity_no_escalate" time="0.118" /><testcase classname="backend.tests.test_phase22_phase2_complete.TestGuardian" name="test_yolo_bad_detection_type_422" time="0.103" /><testcase classname="backend.tests.test_phase22_phase2_complete.TestGuardian" name="test_yolo_stream_listing" time="0.140" /><testcase classname="backend.tests.test_phase23_phase3_complete.TestAnomalies" name="test_seed_then_detect" time="1.581" /><testcase classname="backend.tests.test_phase23_phase3_complete.TestAnomalies" name="test_invalid_metric_422" time="0.103" /><testcase classname="backend.tests.test_phase23_phase3_complete.TestAnomalies" name="test_threshold_zero_422" time="0.115" /><testcase classname="backend.tests.test_phase23_phase3_complete.TestAnomalies" name="test_higher_threshold_returns_fewer" time="40.328" /><testcase classname="backend.tests.test_phase23_phase3_complete.TestAnomalies" name="test_cross_tenant_blocked" time="0.492" /><testcase classname="backend.tests.test_phase23_phase3_complete.TestSolar" name="test_ingest_with_pr" time="0.110" /><testcase classname="backend.tests.test_phase23_phase3_complete.TestSolar" name="test_ingest_low_pr" time="11.302" /><testcase classname="backend.tests.test_phase23_phase3_complete.TestSolar" name="test_ingest_without_irradiance_no_pr" time="0.128" /><testcase classname="backend.tests.test_phase23_phase3_complete.TestSolar" name="test_summary_rolls_up" time="0.109" /><testcase classname="backend.tests.test_phase23_phase3_complete.TestSolar" name="test_solar_mirrored_into_energy" time="0.112" /><testcase classname="backend.tests.test_phase23_phase3_complete.TestSolar" name="test_readings_listing" time="0.114" /><testcase classname="backend.tests.test_phase23_phase3_complete.TestSolar" name="test_ingest_invalid_irradiance" time="0.101" /><testcase classname="backend.tests.test_phase23_phase3_complete.TestActionPlan" name="test_generate_grounded_plan" time="30.227" /><testcase classname="backend.tests.test_phase23_phase3_complete.TestActionPlan" name="test_plan_listing" time="0.262" /><testcase classname="backend.tests.test_phase23_phase3_complete.TestActionPlan" name="test_plan_student_403" time="0.448" /><testcase classname="backend.tests.test_phase23_phase3_complete.TestActionPlan" name="test_plan_invalid_focus_422" time="0.117" /><testcase classname="backend.tests.test_phase24_veda.TestIntent" name="test_catalog_has_60_plus" time="0.433" /><testcase classname="backend.tests.test_phase24_veda.TestIntent" name="test_keyword_classify[when are the exam dates published?-academic-exam_schedule]" time="0.113" /><testcase classname="backend.tests.test_phase24_veda.TestIntent" name="test_keyword_classify[what is my attendance percentage-academic-attendance]" time="0.111" /><testcase classname="backend.tests.test_phase24_veda.TestIntent" name="test_keyword_classify[my fee is due tomorrow-fees-fee_due]" time="0.104" /><testcase classname="backend.tests.test_phase24_veda.TestIntent" name="test_keyword_classify[which book can I borrow-library-library_book]" time="0.109" /><testcase classname="backend.tests.test_phase24_veda.TestIntent" name="test_keyword_classify[how can I book a hostel room-hostel-hostel_allocation]" time="0.125" /><testcase classname="backend.tests.test_phase24_veda.TestIntent" name="test_keyword_classify[any internship opportunities-placement-internship]" time="0.106" /><testcase classname="backend.tests.test_phase24_veda.TestIntent" name="test_keyword_classify[I am feeling anxious-wellbeing-mental_health]" time="0.102" /><testcase classname="backend.tests.test_phase24_veda.TestIntent" name="test_keyword_classify[hello there-general-small_talk]" time="0.119" /><testcase classname="backend.tests.test_phase24_veda.TestIntent" name="test_llm_fallback" time="6.409" /><testcase classname="backend.tests.test_phase24_veda.TestIntent" name="test_empty_text_422" time="0.117" /><testcase classname="backend.tests.test_phase24_veda.TestIntent" name="test_persist_and_list" time="0.209" /><testcase classname="backend.tests.test_phase24_veda.TestIntent" name="test_cross_tenant_403" time="0.432" /><testcase classname="backend.tests.test_phase24_veda.TestVoice" name="test_bad_language_422" time="0.103" /><testcase classname="backend.tests.test_phase24_veda.TestVoice" name="test_bad_extension_422" time="0.108" /><testcase classname="backend.tests.test_phase24_veda.TestVoice" name="test_voice_list" time="0.106" /><testcase classname="backend.tests.test_phase24_veda.TestKbIngestion" name="test_status_shape" time="0.119" /><testcase classname="backend.tests.test_phase24_veda.TestKbIngestion" name="test_ingest_run_processes_pending" time="0.353" /><testcase classname="backend.tests.test_phase24_veda.TestKbIngestion" name="test_ingest_history" time="0.111" /><testcase classname="backend.tests.test_phase24_veda.TestKbIngestion" name="test_ingest_student_403" time="0.430" /><testcase classname="backend.tests.test_phase24_veda.TestAssistant" name="test_rag_grounded_for_admin" time="21.556" /><testcase classname="backend.tests.test_phase24_veda.TestAssistant" name="test_persona_student" time="6.650" /><testcase classname="backend.tests.test_phase24_veda.TestAssistant" name="test_role_override_parent" time="26.064" /><testcase classname="backend.tests.test_phase24_veda.TestAssistant" name="test_telugu_request" time="30.870" /><testcase classname="backend.tests.test_phase25_arise.TestLeadScorer" name="test_train_meets_auc" time="6.595" /><testcase classname="backend.tests.test_phase25_arise.TestLeadScorer" name="test_active_model_get" time="0.108" /><testcase classname="backend.tests.test_phase25_arise.TestLeadScorer" name="test_score_new_lead" time="0.207" /><testcase classname="backend.tests.test_phase25_arise.TestLeadScorer" name="test_train_student_403" time="0.448" /><testcase classname="backend.tests.test_phase25_arise.TestLeadScorer" name="test_cross_tenant_403" time="0.424" /><testcase classname="backend.tests.test_phase25_arise.TestEnrollmentPredictor" name="test_predict_ok" time="4.329" /><testcase classname="backend.tests.test_phase25_arise.TestEnrollmentPredictor" name="test_predict_bad_branch_422" time="0.101" /><testcase classname="backend.tests.test_phase25_arise.TestEnrollmentPredictor" name="test_predict_bad_geo_422" time="0.116" /><testcase classname="backend.tests.test_phase25_arise.TestEapcetPredictor" name="test_predict_shape" time="58.218" /><testcase classname="backend.tests.test_phase25_arise.TestEapcetPredictor" name="test_low_rank_high_chance" time="0.115" /><testcase classname="backend.tests.test_phase25_arise.TestSourceAttribution" name="test_shape" time="0.126" /><testcase classname="backend.tests.test_phase25_arise.TestAutoDrip" name="test_drip_dispatched_on_create" time="0.245"><failure message="AssertionError: assert 'drip-9ab2b194fd' in ['drip-ff739b3e77', 'drip-2c1ef8315a', 'drip-b8e00469cb', 'drip-b629726f15', 'drip-a18795731c', 'drip-f2cf7b6b16', ...]">backend/tests/test_phase25_arise.py:244: in test_drip_dispatched_on_create
    assert d["drip_id"] in ids
E   AssertionError: assert 'drip-9ab2b194fd' in ['drip-ff739b3e77', 'drip-2c1ef8315a', 'drip-b8e00469cb', 'drip-b629726f15', 'drip-a18795731c', 'drip-f2cf7b6b16', ...]</failure></testcase><testcase classname="backend.tests.test_phase25_arise.TestNexusHandoff" name="test_enroll_creates_nexus_student" time="0.348" /><testcase classname="backend.tests.test_phase25_arise.TestBCategory" name="test_allocate_and_cap" time="0.358" /><testcase classname="backend.tests.test_phase25_arise.TestBCategory" name="test_unknown_lead_404" time="0.101" /><testcase classname="backend.tests.test_phase25_arise.TestBCategory" name="test_bad_quota_422" time="0.106" /><testcase classname="backend.tests.test_phase25_arise.TestBCategory" name="test_student_403" time="0.108" /><testcase classname="backend.tests.test_phase25_arise.TestBCategory" name="test_listing" time="0.100" /></testsuite></testsuites>