<?xml version="1.0" encoding="utf-8"?><testsuites name="pytest tests"><testsuite name="pytest" errors="0" failures="0" skipped="0" tests="16" time="77.397" timestamp="2026-06-07T11:15:27.351808+00:00" hostname="agent-env-4bc4235e-915a-4298-aef1-5b928a6c1810"><testcase classname="backend.tests.test_phase38_tenant_config.TestTenantConfigRead" name="test_vce_config_has_legacy_names" time="0.472" /><testcase classname="backend.tests.test_phase38_tenant_config.TestTenantConfigRead" name="test_isb_config_returns_canonical" time="0.427" /><testcase classname="backend.tests.test_phase38_tenant_config.TestCanonicalAliases" name="test_insights_overview" time="2.621" /><testcase classname="backend.tests.test_phase38_tenant_config.TestCanonicalAliases" name="test_research_stats" time="0.531" /><testcase classname="backend.tests.test_phase38_tenant_config.TestCanonicalAliases" name="test_learn_courses_me" time="0.220" /><testcase classname="backend.tests.test_phase38_tenant_config.TestCanonicalAliases" name="test_people_faculty_me" time="0.185" /><testcase classname="backend.tests.test_phase38_tenant_config.TestCanonicalAliases" name="test_safe_stats" time="0.208" /><testcase classname="backend.tests.test_phase38_tenant_config.TestCanonicalAliases" name="test_green_stats" time="0.205" /><testcase classname="backend.tests.test_phase38_tenant_config.TestConfigMutation" name="test_put_rename_module" time="1.652" /><testcase classname="backend.tests.test_phase38_tenant_config.TestConfigMutation" name="test_put_too_long" time="1.913" /><testcase classname="backend.tests.test_phase38_tenant_config.TestConfigMutation" name="test_put_disable_ai_forbidden" time="1.623" /><testcase classname="backend.tests.test_phase38_tenant_config.TestConfigMutation" name="test_module_reset_reverts_to_seed_or_canonical" time="1.781" /><testcase classname="backend.tests.test_phase38_tenant_config.TestConfigMutation" name="test_reset_all_wipes_overrides" time="61.900" /><testcase classname="backend.tests.test_phase38_tenant_config.TestConfigMutation" name="test_non_admin_put_forbidden" time="1.711" /><testcase classname="backend.tests.test_phase38_tenant_config.TestBranding" name="test_put_branding_then_reset" time="1.766" /><testcase classname="backend.tests.test_phase38_tenant_config.TestCanonicalCatalogue" name="test_canonical_modules_list" time="0.105" /></testsuite></testsuites>