<?xml version="1.0" encoding="utf-8"?><testsuites name="pytest tests"><testsuite name="pytest" errors="0" failures="0" skipped="0" tests="24" time="40.513" timestamp="2026-06-06T18:23:13.400120+00:00" hostname="agent-env-4bc4235e-915a-4298-aef1-5b928a6c1810"><testcase classname="backend.tests.test_phase27_remaining.TestPathfinder" name="test_skill_gap" time="0.536" /><testcase classname="backend.tests.test_phase27_remaining.TestPathfinder" name="test_skill_gap_bad_role_422" time="0.150" /><testcase classname="backend.tests.test_phase27_remaining.TestPathfinder" name="test_resume_parse_extracts" time="0.129" /><testcase classname="backend.tests.test_phase27_remaining.TestPathfinder" name="test_salary_benchmarks_shape" time="0.114" /><testcase classname="backend.tests.test_phase27_remaining.TestCompass" name="test_timeline" time="0.108" /><testcase classname="backend.tests.test_phase27_remaining.TestCompass" name="test_ssr_compose" time="12.987" /><testcase classname="backend.tests.test_phase27_remaining.TestCommand" name="test_kpi_stream" time="0.155" /><testcase classname="backend.tests.test_phase27_remaining.TestCommand" name="test_board_deck" time="23.702" /><testcase classname="backend.tests.test_phase27_remaining.TestIlluminate" name="test_moderate_ok" time="0.171" /><testcase classname="backend.tests.test_phase27_remaining.TestIlluminate" name="test_moderate_review" time="0.115" /><testcase classname="backend.tests.test_phase27_remaining.TestIlluminate" name="test_moderate_block" time="0.127" /><testcase classname="backend.tests.test_phase27_remaining.TestIlluminate" name="test_learning_path" time="0.107" /><testcase classname="backend.tests.test_phase27_remaining.TestPrism" name="test_h_index_zero" time="0.129" /><testcase classname="backend.tests.test_phase27_remaining.TestPrism" name="test_grant_log_pipeline" time="0.243" /><testcase classname="backend.tests.test_phase27_remaining.TestAlumni" name="test_mentor_match" time="0.110" /><testcase classname="backend.tests.test_phase27_remaining.TestAlumni" name="test_giving_log_summary" time="0.223" /><testcase classname="backend.tests.test_phase27_remaining.TestFaculty" name="test_fdp_log" time="0.230" /><testcase classname="backend.tests.test_phase27_remaining.TestFaculty" name="test_appraisal_composite" time="0.102" /><testcase classname="backend.tests.test_phase27_remaining.TestGuardian" name="test_drill_score" time="0.114" /><testcase classname="backend.tests.test_phase27_remaining.TestGuardian" name="test_drill_bad_type_422" time="0.113" /><testcase classname="backend.tests.test_phase27_remaining.TestGuardian" name="test_incident_dashboard" time="0.104" /><testcase classname="backend.tests.test_phase27_remaining.TestGreeniq" name="test_carbon_footprint" time="0.106" /><testcase classname="backend.tests.test_phase27_remaining.TestGreeniq" name="test_esg_composite" time="0.105" /><testcase classname="backend.tests.test_phase27_remaining.TestCrossTenant" name="test_cross_tenant_blocked" time="0.459" /></testsuite></testsuites>