<?xml version="1.0" encoding="utf-8"?><testsuites name="pytest tests"><testsuite name="pytest" errors="0" failures="1" skipped="0" tests="67" time="81.849" timestamp="2026-06-05T04:54:46.097917+00:00" hostname="agent-env-4bc4235e-915a-4298-aef1-5b928a6c1810"><testcase classname="backend.tests.test_phase12_locale_admin_guide.TestInstitutionsLocaleSeed" name="test_seed_locale_flags" time="0.501" /><testcase classname="backend.tests.test_phase12_locale_admin_guide.TestLocaleArabicTogglePersistence" name="test_isb_admin_can_toggle_locale_and_revert" time="0.777" /><testcase classname="backend.tests.test_phase12_locale_admin_guide.TestLocaleArabicTogglePersistence" name="test_audit_event_written" time="0.277" /><testcase classname="backend.tests.test_phase12_locale_admin_guide.TestLocaleAuthorization" name="test_student_forbidden" time="0.477" /><testcase classname="backend.tests.test_phase12_locale_admin_guide.TestLocaleAuthorization" name="test_cross_tenant_admin_forbidden" time="0.105" /><testcase classname="backend.tests.test_phase12_locale_admin_guide.TestLocaleAuthorization" name="test_super_admin_cross_tenant_allowed" time="0.252" /><testcase classname="backend.tests.test_phase12_locale_admin_guide.TestRegressionInstitutionsShape" name="test_three_tenants_present" time="0.103" /><testcase classname="backend.tests.test_phase12_locale_admin_guide.TestRegressionInstitutionsShape" name="test_isb_dashboard_metrics_unchanged" time="0.125" /><testcase classname="backend.tests.test_phase11_governance_notifications" name="test_ai_usecases_isb_has_4_active_4_pending" time="0.437"><failure message="AssertionError: expected 4 active, got 5: ['ai_instructor', 'ai_advisor', 'student_assistant', 'content_studio', 'psychometrics']&#10;assert 5 == 4&#10; +  where 5 = len([{'capabilities': ['Course-grounded RAG with citations', 'Bilingual EN / AR responses', 'Confidence-based escalation to faculty', 'Full session transcript for audit'], 'citations_required': True, 'code': '4.1', 'description': 'Adaptive conversational agents delivering structured course content in English and Arabic — adjusting pace, depth and tone in real time, grounded in approved sources.', ...}, {'capabilities': ['Skill-gap analysis vs target role', 'Personalised learning path', 'Career pathway mapping', 'Approval-gated visibility'], 'citations_required': True, 'code': '4.2', 'description': 'Personalised career and learning guidance agents analysing full learner profiles and generating actionable NQF-aligned recommendations.', ...}, {'capabilities': ['Enrolment, timetable, deadlines, certificates', 'Configurable service categories', 'Multi-channel: web · mobile · WhatsApp-ready', 'SLA dashboard with escalation routing'], 'citations_required': True, 'code': '4.3', 'description': 'Fully conversational self-service agents handling enrolment, scheduling, assessment, certification with hybrid NLU and rule-based fallback.', ...}, {'capabilities': ['PDF / DOCX / transcript ingestion', &quot;Bloom's taxonomy mapping&quot;, 'Lesson plans · MCQs · flashcards · case guides', 'SME review queue + versioned publish'], 'citations_required': True, 'code': '4.4', 'description': 'End-to-end intelligent content pipeline: ingest raw materials → structural analysis → multi-format asset generation → faculty approval → AI Instructor delivery.', ...}, {'capabilities': ['Signal classes + threshold editor', 'Intervention rule engine', 'Bias and fairness audit dashboard', 'Model drift monitoring'], 'citations_required': True, 'code': '4.5', 'description': 'Tracks learner behaviour signals — response time, hint usage, inactivity — and recommends interventions with fairness audit.', ...}])">backend/tests/test_phase11_governance_notifications.py:34: in test_ai_usecases_isb_has_4_active_4_pending
    assert len(active) == 4, f"expected 4 active, got {len(active)}: {[c['key'] for c in active]}"
E   AssertionError: expected 4 active, got 5: ['ai_instructor', 'ai_advisor', 'student_assistant', 'content_studio', 'psychometrics']
E   assert 5 == 4
E    +  where 5 = len([{'capabilities': ['Course-grounded RAG with citations', 'Bilingual EN / AR responses', 'Confidence-based escalation to faculty', 'Full session transcript for audit'], 'citations_required': True, 'code': '4.1', 'description': 'Adaptive conversational agents delivering structured course content in English and Arabic — adjusting pace, depth and tone in real time, grounded in approved sources.', ...}, {'capabilities': ['Skill-gap analysis vs target role', 'Personalised learning path', 'Career pathway mapping', 'Approval-gated visibility'], 'citations_required': True, 'code': '4.2', 'description': 'Personalised career and learning guidance agents analysing full learner profiles and generating actionable NQF-aligned recommendations.', ...}, {'capabilities': ['Enrolment, timetable, deadlines, certificates', 'Configurable service categories', 'Multi-channel: web · mobile · WhatsApp-ready', 'SLA dashboard with escalation routing'], 'citations_required': True, 'code': '4.3', 'description': 'Fully conversational self-service agents handling enrolment, scheduling, assessment, certification with hybrid NLU and rule-based fallback.', ...}, {'capabilities': ['PDF / DOCX / transcript ingestion', "Bloom's taxonomy mapping", 'Lesson plans · MCQs · flashcards · case guides', 'SME review queue + versioned publish'], 'citations_required': True, 'code': '4.4', 'description': 'End-to-end intelligent content pipeline: ingest raw materials → structural analysis → multi-format asset generation → faculty approval → AI Instructor delivery.', ...}, {'capabilities': ['Signal classes + threshold editor', 'Intervention rule engine', 'Bias and fairness audit dashboard', 'Model drift monitoring'], 'citations_required': True, 'code': '4.5', 'description': 'Tracks learner behaviour signals — response time, hint usage, inactivity — and recommends interventions with fairness audit.', ...}])</failure></testcase><testcase classname="backend.tests.test_phase11_governance_notifications" name="test_ai_usecase_patch_status_flip_persists_and_audits" time="1.204" /><testcase classname="backend.tests.test_phase11_governance_notifications" name="test_ai_usecase_patch_hitl_toggle" time="0.775" /><testcase classname="backend.tests.test_phase11_governance_notifications" name="test_student_tickets_count_endpoint" time="0.475" /><testcase classname="backend.tests.test_phase11_governance_notifications" name="test_registrar_open_tickets_filter" time="0.433" /><testcase classname="backend.tests.test_phase11_governance_notifications" name="test_super_admin_cross_tenant_inbox" time="1.031" /><testcase classname="backend.tests.test_phase11_governance_notifications" name="test_non_super_admin_cannot_mark_read_cross_tenant" time="1.004" /><testcase classname="backend.tests.test_phase11_governance_notifications" name="test_all_demo_logins[rajiv.admin@isb.edu-Demo@2026]" time="0.321" /><testcase classname="backend.tests.test_phase11_governance_notifications" name="test_all_demo_logins[shankar.dean@isb.edu-Demo@2026]" time="0.352" /><testcase classname="backend.tests.test_phase11_governance_notifications" name="test_all_demo_logins[ananya.faculty@isb.edu-Demo@2026]" time="0.327" /><testcase classname="backend.tests.test_phase11_governance_notifications" name="test_all_demo_logins[vikram.pgp@isb.edu-Demo@2026]" time="0.326" /><testcase classname="backend.tests.test_phase11_governance_notifications" name="test_all_demo_logins[meera.pgp@isb.edu-Demo@2026]" time="0.326" /><testcase classname="backend.tests.test_phase11_governance_notifications" name="test_all_demo_logins[raghav.registrar@isb.edu-Demo@2026]" time="0.323" /><testcase classname="backend.tests.test_phase11_governance_notifications" name="test_all_demo_logins[priya.careers@isb.edu-Demo@2026]" time="0.326" /><testcase classname="backend.tests.test_phase11_governance_notifications" name="test_all_demo_logins[arjun.compliance@isb.edu-Demo@2026]" time="0.355" /><testcase classname="backend.tests.test_phase11_governance_notifications" name="test_all_demo_logins[kavya.aigov@isb.edu-Demo@2026]" time="0.341" /><testcase classname="backend.tests.test_phase11_governance_notifications" name="test_all_demo_logins[fatima.admin@eaic.gov.ae-Demo@2026]" time="0.347" /><testcase classname="backend.tests.test_phase11_governance_notifications" name="test_all_demo_logins[khalid.exec@eaic.gov.ae-Demo@2026]" time="0.349" /><testcase classname="backend.tests.test_phase11_governance_notifications" name="test_all_demo_logins[noura.instructor@eaic.gov.ae-Demo@2026]" time="0.325" /><testcase classname="backend.tests.test_phase11_governance_notifications" name="test_all_demo_logins[saif.cadet@eaic.gov.ae-Demo@2026]" time="0.329" /><testcase classname="backend.tests.test_phase11_governance_notifications" name="test_all_demo_logins[hessa.training@eaic.gov.ae-Demo@2026]" time="0.320" /><testcase classname="backend.tests.test_phase11_governance_notifications" name="test_all_demo_logins[ahmed.workforce@eaic.gov.ae-Demo@2026]" time="0.329" /><testcase classname="backend.tests.test_phase11_governance_notifications" name="test_all_demo_logins[majid.linemgr@eaic.gov.ae-Demo@2026]" time="0.323" /><testcase classname="backend.tests.test_phase11_governance_notifications" name="test_all_demo_logins[mariam.compliance@eaic.gov.ae-Demo@2026]" time="0.331" /><testcase classname="backend.tests.test_phase11_governance_notifications" name="test_all_demo_logins[saeed.officer@eaic.gov.ae-Demo@2026]" time="0.333" /><testcase classname="backend.tests.test_phase11_governance_notifications" name="test_all_demo_logins[emma.admin@bradford.ac.uk-Demo@2026]" time="0.324" /><testcase classname="backend.tests.test_phase11_governance_notifications" name="test_all_demo_logins[james.faculty@bradford.ac.uk-Demo@2026]" time="0.331" /><testcase classname="backend.tests.test_phase11_governance_notifications" name="test_super_admin_login" time="0.323" /><testcase classname="backend.tests.test_phase10_messaging" name="test_super_admin_login" time="0.321" /><testcase classname="backend.tests.test_phase10_messaging" name="test_isb_logins[rajiv.admin@isb.edu]" time="0.336" /><testcase classname="backend.tests.test_phase10_messaging" name="test_isb_logins[shankar.dean@isb.edu]" time="0.358" /><testcase classname="backend.tests.test_phase10_messaging" name="test_isb_logins[ananya.faculty@isb.edu]" time="0.328" /><testcase classname="backend.tests.test_phase10_messaging" name="test_isb_logins[vikram.pgp@isb.edu]" time="0.336" /><testcase classname="backend.tests.test_phase10_messaging" name="test_isb_logins[meera.pgp@isb.edu]" time="0.347" /><testcase classname="backend.tests.test_phase10_messaging" name="test_isb_logins[raghav.registrar@isb.edu]" time="0.349" /><testcase classname="backend.tests.test_phase10_messaging" name="test_isb_logins[priya.careers@isb.edu]" time="0.332" /><testcase classname="backend.tests.test_phase10_messaging" name="test_isb_logins[arjun.compliance@isb.edu]" time="0.332" /><testcase classname="backend.tests.test_phase10_messaging" name="test_isb_logins[kavya.aigov@isb.edu]" time="0.354" /><testcase classname="backend.tests.test_phase10_messaging" name="test_eaic_logins[fatima.admin@eaic.gov.ae]" time="0.363" /><testcase classname="backend.tests.test_phase10_messaging" name="test_eaic_logins[khalid.exec@eaic.gov.ae]" time="0.755" /><testcase classname="backend.tests.test_phase10_messaging" name="test_eaic_logins[noura.instructor@eaic.gov.ae]" time="0.333" /><testcase classname="backend.tests.test_phase10_messaging" name="test_eaic_logins[saif.cadet@eaic.gov.ae]" time="0.336" /><testcase classname="backend.tests.test_phase10_messaging" name="test_eaic_logins[hessa.training@eaic.gov.ae]" time="0.320" /><testcase classname="backend.tests.test_phase10_messaging" name="test_eaic_logins[ahmed.workforce@eaic.gov.ae]" time="0.323" /><testcase classname="backend.tests.test_phase10_messaging" name="test_eaic_logins[majid.linemgr@eaic.gov.ae]" time="0.344" /><testcase classname="backend.tests.test_phase10_messaging" name="test_eaic_logins[mariam.compliance@eaic.gov.ae]" time="0.334" /><testcase classname="backend.tests.test_phase10_messaging" name="test_eaic_logins[saeed.officer@eaic.gov.ae]" time="0.330" /><testcase classname="backend.tests.test_phase10_messaging" name="test_uob_logins[emma.admin@bradford.ac.uk]" time="0.342" /><testcase classname="backend.tests.test_phase10_messaging" name="test_uob_logins[james.faculty@bradford.ac.uk]" time="0.335" /><testcase classname="backend.tests.test_phase10_messaging" name="test_dashboard_isb_metrics" time="0.428" /><testcase classname="backend.tests.test_phase10_messaging" name="test_dashboard_eaic_metrics" time="0.441" /><testcase classname="backend.tests.test_phase10_messaging" name="test_dashboard_uob_metrics" time="0.438" /><testcase classname="backend.tests.test_phase10_messaging" name="test_institutions_three_tenants" time="0.447" /><testcase classname="backend.tests.test_phase10_messaging" name="test_roles_endpoint_15" time="0.443" /><testcase classname="backend.tests.test_phase10_messaging" name="test_isb_users_role_coverage" time="0.434" /><testcase classname="backend.tests.test_phase10_messaging" name="test_eaic_users_role_coverage" time="0.444" /><testcase classname="backend.tests.test_phase10_messaging" name="test_uob_users_role_coverage" time="0.463" /><testcase classname="backend.tests.test_phase10_messaging" name="test_ticket_creation_and_notifications_flow" time="55.179" /><testcase classname="backend.tests.test_phase10_messaging" name="test_notifications_mark_all_read" time="0.572" /></testsuite></testsuites>