<?xml version="1.0" encoding="utf-8"?><testsuites name="pytest tests"><testsuite name="pytest" errors="0" failures="1" skipped="0" tests="6" time="11.068" timestamp="2026-06-07T11:50:54.322346+00:00" hostname="agent-env-4bc4235e-915a-4298-aef1-5b928a6c1810"><testcase classname="backend.tests.test_tenant_preview.TestTenantPreviewConfig" name="test_super_admin_can_fetch_vce_config" time="10.069" /><testcase classname="backend.tests.test_tenant_preview.TestTenantPreviewConfig" name="test_super_admin_can_fetch_isb_config" time="0.136" /><testcase classname="backend.tests.test_tenant_preview.TestTenantPreviewConfig" name="test_non_super_admin_forbidden" time="0.461" /><testcase classname="backend.tests.test_tenant_preview.TestTenantPreviewConfig" name="test_non_super_admin_forbidden_other_tenant" time="0.098" /><testcase classname="backend.tests.test_tenant_preview.TestTenantPreviewConfig" name="test_unauthenticated_rejected" time="0.110" /><testcase classname="backend.tests.test_tenant_preview.TestTenantPreviewConfig" name="test_me_config_still_works_for_principal" time="0.104"><failure message="assert 403 == 200&#10; +  where 403 = &lt;Response [403]&gt;.status_code">backend/tests/test_tenant_preview.py:82: in test_me_config_still_works_for_principal
    assert r.status_code == 200
E   assert 403 == 200
E    +  where 403 = &lt;Response [403]&gt;.status_code</failure></testcase></testsuite></testsuites>