<?xml version="1.0" encoding="utf-8"?><testsuites name="pytest tests"><testsuite name="pytest" errors="0" failures="0" skipped="0" tests="59" time="26.047" timestamp="2026-05-29T10:11:16.506385+00:00" hostname="agent-env-4bc4235e-915a-4298-aef1-5b928a6c1810"><testcase classname="backend.tests.test_phase10_messaging" name="test_super_admin_login" time="0.357" /><testcase classname="backend.tests.test_phase10_messaging" name="test_isb_logins[rajiv.admin@isb.edu]" time="0.328" /><testcase classname="backend.tests.test_phase10_messaging" name="test_isb_logins[shankar.dean@isb.edu]" time="0.328" /><testcase classname="backend.tests.test_phase10_messaging" name="test_isb_logins[ananya.faculty@isb.edu]" time="0.342" /><testcase classname="backend.tests.test_phase10_messaging" name="test_isb_logins[vikram.pgp@isb.edu]" time="0.322" /><testcase classname="backend.tests.test_phase10_messaging" name="test_isb_logins[meera.pgp@isb.edu]" time="0.329" /><testcase classname="backend.tests.test_phase10_messaging" name="test_isb_logins[raghav.registrar@isb.edu]" time="0.323" /><testcase classname="backend.tests.test_phase10_messaging" name="test_isb_logins[priya.careers@isb.edu]" time="0.332" /><testcase classname="backend.tests.test_phase10_messaging" name="test_isb_logins[arjun.compliance@isb.edu]" time="0.329" /><testcase classname="backend.tests.test_phase10_messaging" name="test_isb_logins[kavya.aigov@isb.edu]" time="0.321" /><testcase classname="backend.tests.test_phase10_messaging" name="test_eaic_logins[fatima.admin@eaic.gov.ae]" time="0.338" /><testcase classname="backend.tests.test_phase10_messaging" name="test_eaic_logins[khalid.exec@eaic.gov.ae]" time="0.354" /><testcase classname="backend.tests.test_phase10_messaging" name="test_eaic_logins[noura.instructor@eaic.gov.ae]" time="0.327" /><testcase classname="backend.tests.test_phase10_messaging" name="test_eaic_logins[saif.cadet@eaic.gov.ae]" time="0.321" /><testcase classname="backend.tests.test_phase10_messaging" name="test_eaic_logins[hessa.training@eaic.gov.ae]" time="0.327" /><testcase classname="backend.tests.test_phase10_messaging" name="test_eaic_logins[ahmed.workforce@eaic.gov.ae]" time="0.333" /><testcase classname="backend.tests.test_phase10_messaging" name="test_eaic_logins[majid.linemgr@eaic.gov.ae]" time="0.345" /><testcase classname="backend.tests.test_phase10_messaging" name="test_eaic_logins[mariam.compliance@eaic.gov.ae]" time="0.358" /><testcase classname="backend.tests.test_phase10_messaging" name="test_eaic_logins[saeed.officer@eaic.gov.ae]" time="0.333" /><testcase classname="backend.tests.test_phase10_messaging" name="test_uob_logins[emma.admin@bradford.ac.uk]" time="0.334" /><testcase classname="backend.tests.test_phase10_messaging" name="test_uob_logins[james.faculty@bradford.ac.uk]" time="0.333" /><testcase classname="backend.tests.test_phase10_messaging" name="test_dashboard_isb_metrics" time="0.443" /><testcase classname="backend.tests.test_phase10_messaging" name="test_dashboard_eaic_metrics" time="0.428" /><testcase classname="backend.tests.test_phase10_messaging" name="test_dashboard_uob_metrics" time="0.445" /><testcase classname="backend.tests.test_phase10_messaging" name="test_institutions_three_tenants" time="0.429" /><testcase classname="backend.tests.test_phase10_messaging" name="test_roles_endpoint_15" time="0.449" /><testcase classname="backend.tests.test_phase10_messaging" name="test_isb_users_role_coverage" time="0.436" /><testcase classname="backend.tests.test_phase10_messaging" name="test_eaic_users_role_coverage" time="0.437" /><testcase classname="backend.tests.test_phase10_messaging" name="test_uob_users_role_coverage" time="0.497" /><testcase classname="backend.tests.test_phase10_messaging" name="test_ticket_creation_and_notifications_flow" time="2.512" /><testcase classname="backend.tests.test_phase10_messaging" name="test_notifications_mark_all_read" time="0.554" /><testcase classname="backend.tests.test_phase11_governance_notifications" name="test_ai_usecases_isb_has_4_active_4_pending" time="0.450" /><testcase classname="backend.tests.test_phase11_governance_notifications" name="test_ai_usecase_patch_status_flip_persists_and_audits" time="1.174" /><testcase classname="backend.tests.test_phase11_governance_notifications" name="test_ai_usecase_patch_hitl_toggle" time="0.769" /><testcase classname="backend.tests.test_phase11_governance_notifications" name="test_student_tickets_count_endpoint" time="0.441" /><testcase classname="backend.tests.test_phase11_governance_notifications" name="test_registrar_open_tickets_filter" time="0.444" /><testcase classname="backend.tests.test_phase11_governance_notifications" name="test_super_admin_cross_tenant_inbox" time="0.968" /><testcase classname="backend.tests.test_phase11_governance_notifications" name="test_non_super_admin_cannot_mark_read_cross_tenant" time="0.970" /><testcase classname="backend.tests.test_phase11_governance_notifications" name="test_all_demo_logins[rajiv.admin@isb.edu-Demo@2026]" time="0.330" /><testcase classname="backend.tests.test_phase11_governance_notifications" name="test_all_demo_logins[shankar.dean@isb.edu-Demo@2026]" time="0.335" /><testcase classname="backend.tests.test_phase11_governance_notifications" name="test_all_demo_logins[ananya.faculty@isb.edu-Demo@2026]" time="0.346" /><testcase classname="backend.tests.test_phase11_governance_notifications" name="test_all_demo_logins[vikram.pgp@isb.edu-Demo@2026]" time="0.351" /><testcase classname="backend.tests.test_phase11_governance_notifications" name="test_all_demo_logins[meera.pgp@isb.edu-Demo@2026]" time="0.421" /><testcase classname="backend.tests.test_phase11_governance_notifications" name="test_all_demo_logins[raghav.registrar@isb.edu-Demo@2026]" time="0.348" /><testcase classname="backend.tests.test_phase11_governance_notifications" name="test_all_demo_logins[priya.careers@isb.edu-Demo@2026]" time="0.323" /><testcase classname="backend.tests.test_phase11_governance_notifications" name="test_all_demo_logins[arjun.compliance@isb.edu-Demo@2026]" time="0.351" /><testcase classname="backend.tests.test_phase11_governance_notifications" name="test_all_demo_logins[kavya.aigov@isb.edu-Demo@2026]" time="0.329" /><testcase classname="backend.tests.test_phase11_governance_notifications" name="test_all_demo_logins[fatima.admin@eaic.gov.ae-Demo@2026]" time="0.322" /><testcase classname="backend.tests.test_phase11_governance_notifications" name="test_all_demo_logins[khalid.exec@eaic.gov.ae-Demo@2026]" time="0.322" /><testcase classname="backend.tests.test_phase11_governance_notifications" name="test_all_demo_logins[noura.instructor@eaic.gov.ae-Demo@2026]" time="0.333" /><testcase classname="backend.tests.test_phase11_governance_notifications" name="test_all_demo_logins[saif.cadet@eaic.gov.ae-Demo@2026]" time="0.339" /><testcase classname="backend.tests.test_phase11_governance_notifications" name="test_all_demo_logins[hessa.training@eaic.gov.ae-Demo@2026]" time="0.331" /><testcase classname="backend.tests.test_phase11_governance_notifications" name="test_all_demo_logins[ahmed.workforce@eaic.gov.ae-Demo@2026]" time="0.335" /><testcase classname="backend.tests.test_phase11_governance_notifications" name="test_all_demo_logins[majid.linemgr@eaic.gov.ae-Demo@2026]" time="0.326" /><testcase classname="backend.tests.test_phase11_governance_notifications" name="test_all_demo_logins[mariam.compliance@eaic.gov.ae-Demo@2026]" time="0.326" /><testcase classname="backend.tests.test_phase11_governance_notifications" name="test_all_demo_logins[saeed.officer@eaic.gov.ae-Demo@2026]" time="0.328" /><testcase classname="backend.tests.test_phase11_governance_notifications" name="test_all_demo_logins[emma.admin@bradford.ac.uk-Demo@2026]" time="0.335" /><testcase classname="backend.tests.test_phase11_governance_notifications" name="test_all_demo_logins[james.faculty@bradford.ac.uk-Demo@2026]" time="0.341" /><testcase classname="backend.tests.test_phase11_governance_notifications" name="test_super_admin_login" time="0.331" /></testsuite></testsuites>