<?xml version="1.0" encoding="utf-8"?><testsuites name="pytest tests"><testsuite name="pytest" errors="0" failures="0" skipped="0" tests="9" time="8.629" timestamp="2026-06-06T12:51:18.507442+00:00" hostname="agent-env-4bc4235e-915a-4298-aef1-5b928a6c1810"><testcase classname="backend.tests.test_phase13_platform_modules" name="test_catalog_returns_12_platforms" time="5.803" /><testcase classname="backend.tests.test_phase13_platform_modules" name="test_vce_tenant_returns_phase1_active_and_others_coming_soon" time="0.112" /><testcase classname="backend.tests.test_phase13_platform_modules" name="test_patch_arise_disable_then_reactivate_persists" time="0.491" /><testcase classname="backend.tests.test_phase13_platform_modules" name="test_cross_tenant_patch_denied" time="0.107" /><testcase classname="backend.tests.test_phase13_platform_modules" name="test_student_patch_denied" time="0.513" /><testcase classname="backend.tests.test_phase13_platform_modules" name="test_compass_activation_blocked_when_nexus_disabled" time="0.536" /><testcase classname="backend.tests.test_phase13_platform_modules" name="test_invalid_status_400" time="0.116" /><testcase classname="backend.tests.test_phase13_platform_modules" name="test_unknown_module_404" time="0.110" /><testcase classname="backend.tests.test_phase13_platform_modules" name="test_super_admin_patch_isb" time="0.544" /></testsuite></testsuites>