<?xml version="1.0" encoding="utf-8"?><testsuites name="pytest tests"><testsuite name="pytest" errors="0" failures="0" skipped="0" tests="28" time="31.421" timestamp="2026-06-07T08:21:22.182315+00:00" hostname="agent-env-4bc4235e-915a-4298-aef1-5b928a6c1810"><testcase classname="backend.tests.test_phase35_claros_launch.TestCompanies" name="test_list_companies_vce" time="0.559" /><testcase classname="backend.tests.test_phase35_claros_launch.TestCompanies" name="test_get_company_detail" time="0.240" /><testcase classname="backend.tests.test_phase35_claros_launch.TestDrives" name="test_list_drives_vce_has_8" time="0.118" /><testcase classname="backend.tests.test_phase35_claros_launch.TestDrives" name="test_drive_eligibility" time="0.205" /><testcase classname="backend.tests.test_phase35_claros_launch.TestDrives" name="test_apply_to_drive" time="0.437" /><testcase classname="backend.tests.test_phase35_claros_launch.TestDrives" name="test_apply_as_non_student_forbidden" time="0.550" /><testcase classname="backend.tests.test_phase35_claros_launch.TestDrives" name="test_my_applications" time="0.107" /><testcase classname="backend.tests.test_phase35_claros_launch.TestSkills" name="test_seeded_skills" time="0.112" /><testcase classname="backend.tests.test_phase35_claros_launch.TestSkills" name="test_create_and_delete_skill" time="0.322" /><testcase classname="backend.tests.test_phase35_claros_launch.TestSkills" name="test_skills_forbidden_for_non_student" time="0.096" /><testcase classname="backend.tests.test_phase35_claros_launch.TestSkills" name="test_skill_gaps" time="15.869" /><testcase classname="backend.tests.test_phase35_claros_launch.TestInterview" name="test_generate_question" time="2.668" /><testcase classname="backend.tests.test_phase35_claros_launch.TestInterview" name="test_evaluate_answer" time="7.070" /><testcase classname="backend.tests.test_phase35_claros_launch.TestInterview" name="test_history" time="0.128" /><testcase classname="backend.tests.test_phase35_claros_launch.TestInterview" name="test_interview_forbidden_for_non_student" time="0.099" /><testcase classname="backend.tests.test_phase35_claros_launch.TestReadiness" name="test_readiness_score" time="0.126" /><testcase classname="backend.tests.test_phase35_claros_launch.TestReadiness" name="test_readiness_forbidden_for_non_student" time="0.108" /><testcase classname="backend.tests.test_phase35_claros_launch.TestAdminStats" name="test_stats_for_principal" time="0.136" /><testcase classname="backend.tests.test_phase35_claros_launch.TestAdminStats" name="test_stats_forbidden_for_student" time="0.118" /><testcase classname="backend.tests.test_phase35_claros_launch.TestAdminStats" name="test_cross_tenant_blocked" time="0.105" /><testcase classname="backend.tests.test_phase35_claros_launch.TestMultiTenant" name="test_isb_companies_and_drives" time="0.555" /><testcase classname="backend.tests.test_phase35_claros_launch.TestMultiTenant" name="test_eaic_no_drives" time="0.530" /><testcase classname="backend.tests.test_phase35_claros_launch.TestMultiTenant" name="test_uob_no_drives" time="0.556" /><testcase classname="backend.tests.test_phase35_claros_launch.TestRegression" name="test_core_stats" time="0.111" /><testcase classname="backend.tests.test_phase35_claros_launch.TestRegression" name="test_enroll_leads" time="0.102" /><testcase classname="backend.tests.test_phase35_claros_launch.TestRegression" name="test_comply_dashboard" time="0.105" /><testcase classname="backend.tests.test_phase35_claros_launch.TestRegression" name="test_legacy_alumni_directory" time="0.096" /><testcase classname="backend.tests.test_phase35_claros_launch.TestRegression" name="test_legacy_placements_dashboard" time="0.115" /></testsuite></testsuites>