<?xml version="1.0" encoding="utf-8"?><testsuites name="pytest tests"><testsuite name="pytest" errors="0" failures="0" skipped="0" tests="29" time="5.097" timestamp="2026-06-06T15:18:19.562633+00:00" hostname="agent-env-4bc4235e-915a-4298-aef1-5b928a6c1810"><testcase classname="backend.tests.test_phase21_phase1_complete.TestVeda" name="test_alert_push_and_list" time="0.711" /><testcase classname="backend.tests.test_phase21_phase1_complete.TestVeda" name="test_alert_audience_rejects_invalid" time="0.107" /><testcase classname="backend.tests.test_phase21_phase1_complete.TestVeda" name="test_sentiment_auto_flags_severe" time="0.249" /><testcase classname="backend.tests.test_phase21_phase1_complete.TestVeda" name="test_sentiment_mild_unflagged" time="0.118" /><testcase classname="backend.tests.test_phase21_phase1_complete.TestVeda" name="test_query_gap_capture" time="0.104" /><testcase classname="backend.tests.test_phase21_phase1_complete.TestVeda" name="test_cross_tenant_blocked" time="0.422" /><testcase classname="backend.tests.test_phase21_phase1_complete.TestArise" name="test_program_match_cse_top" time="0.110" /><testcase classname="backend.tests.test_phase21_phase1_complete.TestArise" name="test_program_match_mech_top" time="0.111" /><testcase classname="backend.tests.test_phase21_phase1_complete.TestArise" name="test_drip_unknown_lead_404" time="0.109" /><testcase classname="backend.tests.test_phase21_phase1_complete.TestNexus" name="test_notice_post" time="0.209" /><testcase classname="backend.tests.test_phase21_phase1_complete.TestNexus" name="test_notice_student_denied" time="0.429" /><testcase classname="backend.tests.test_phase21_phase1_complete.TestNexus" name="test_hostel_admin_only" time="0.118" /><testcase classname="backend.tests.test_phase21_phase1_complete.TestNexus" name="test_hostel_alloc_admin_ok" time="0.119" /><testcase classname="backend.tests.test_phase21_phase1_complete.TestNexus" name="test_library_issue_return" time="0.103" /><testcase classname="backend.tests.test_phase21_phase1_complete.TestNexus" name="test_parent_view_aggregates" time="0.116" /><testcase classname="backend.tests.test_phase21_phase1_complete.TestNexus" name="test_timetable_clash_detect" time="0.099" /><testcase classname="backend.tests.test_phase21_phase1_complete.TestNexus" name="test_defaulters_returns_overdue" time="0.115" /><testcase classname="backend.tests.test_phase21_phase1_complete.TestPathfinder" name="test_mock_interview_band" time="0.118" /><testcase classname="backend.tests.test_phase21_phase1_complete.TestPathfinder" name="test_company_intel_admin_only" time="0.107" /><testcase classname="backend.tests.test_phase21_phase1_complete.TestPathfinder" name="test_aptitude_adaptive_difficulty" time="0.250" /><testcase classname="backend.tests.test_phase21_phase1_complete.TestPathfinder" name="test_industry_trends_aggregates" time="0.113" /><testcase classname="backend.tests.test_phase21_phase1_complete.TestCompass" name="test_obe_upsert_summary" time="0.341" /><testcase classname="backend.tests.test_phase21_phase1_complete.TestCompass" name="test_iqac_meeting_admin_only" time="0.097" /><testcase classname="backend.tests.test_phase21_phase1_complete.TestCompass" name="test_iqac_admin_post" time="0.106" /><testcase classname="backend.tests.test_phase21_phase1_complete.TestCompass" name="test_nirf_compile_shape" time="0.128" /><testcase classname="backend.tests.test_phase21_phase1_complete.TestCompass" name="test_gap_analysis_runs" time="0.103" /><testcase classname="backend.tests.test_phase21_phase1_complete.TestCommand" name="test_finance_drilldown" time="0.102" /><testcase classname="backend.tests.test_phase21_phase1_complete.TestCommand" name="test_benchmark_vs_peers" time="0.100" /><testcase classname="backend.tests.test_phase21_phase1_complete.TestCommand" name="test_cross_tenant_command_blocked" time="0.098" /></testsuite></testsuites>