<?xml version="1.0" encoding="utf-8"?><testsuites name="pytest tests"><testsuite name="pytest" errors="0" failures="0" skipped="0" tests="11" time="8.569" timestamp="2026-06-06T14:14:47.829574+00:00" hostname="agent-env-4bc4235e-915a-4298-aef1-5b928a6c1810"><testcase classname="backend.tests.test_phase18_greeniq.TestEnergy" name="test_post_grid_energy" time="6.322" /><testcase classname="backend.tests.test_phase18_greeniq.TestEnergy" name="test_post_solar_energy" time="0.113" /><testcase classname="backend.tests.test_phase18_greeniq.TestEnergy" name="test_list_energy_sorted_desc" time="0.243" /><testcase classname="backend.tests.test_phase18_greeniq.TestEnergy" name="test_student_cannot_post_energy" time="0.436" /><testcase classname="backend.tests.test_phase18_greeniq.TestEnergy" name="test_student_can_read_esg" time="0.115" /><testcase classname="backend.tests.test_phase18_greeniq.TestWater" name="test_post_water" time="0.127" /><testcase classname="backend.tests.test_phase18_greeniq.TestCarbon" name="test_post_carbon_scope1" time="0.161" /><testcase classname="backend.tests.test_phase18_greeniq.TestCarbon" name="test_post_carbon_scope4_invalid" time="0.121" /><testcase classname="backend.tests.test_phase18_greeniq.TestESG" name="test_esg_shape_and_values" time="0.139" /><testcase classname="backend.tests.test_phase18_greeniq.TestCrossTenant" name="test_vce_principal_to_isb_403" time="0.366" /><testcase classname="backend.tests.test_phase18_greeniq.TestModulesRegistry" name="test_all_12_active" time="0.099" /></testsuite></testsuites>