<?xml version="1.0" encoding="utf-8"?><testsuites name="pytest tests"><testsuite name="pytest" errors="0" failures="0" skipped="0" tests="14" time="9.408" timestamp="2026-05-27T07:55:06.544533+00:00" hostname="agent-env-4bc4235e-915a-4298-aef1-5b928a6c1810"><testcase classname="backend.tests.test_phase5.TestAnalyticsDashboards" name="test_executive_isb" time="0.608" /><testcase classname="backend.tests.test_phase5.TestAnalyticsDashboards" name="test_workforce_eaic" time="0.518" /><testcase classname="backend.tests.test_phase5.TestAnalyticsDashboards" name="test_compliance_isb" time="0.156" /><testcase classname="backend.tests.test_phase5.TestAnalyticsDashboards" name="test_ai_usage_isb" time="0.105" /><testcase classname="backend.tests.test_phase5.TestAnalyticsDashboards" name="test_programmes_isb" time="0.114" /><testcase classname="backend.tests.test_phase5.TestAnalyticsDashboards" name="test_cross_tenant_forbidden" time="0.114" /><testcase classname="backend.tests.test_phase5.TestNLConsole" name="test_completion_by_programme" time="0.955" /><testcase classname="backend.tests.test_phase5.TestNLConsole" name="test_ai_sessions_by_module" time="0.867" /><testcase classname="backend.tests.test_phase5.TestNLConsole" name="test_assessment_scores_distribution" time="0.803" /><testcase classname="backend.tests.test_phase5.TestNLConsole" name="test_unsupported" time="0.718" /><testcase classname="backend.tests.test_phase5.TestNLConsole" name="test_ask_logs_audit_event" time="1.145" /><testcase classname="backend.tests.test_phase5.TestExaminer" name="test_examine_isb_item" time="2.994" /><testcase classname="backend.tests.test_phase5.TestExaminer" name="test_examine_cross_tenant_forbidden" time="0.133" /><testcase classname="backend.tests.test_phase5.TestExaminer" name="test_examiner_writes_audit" time="0.107" /></testsuite></testsuites>