<?xml version="1.0" encoding="utf-8"?><testsuites name="pytest tests"><testsuite name="pytest" errors="0" failures="1" skipped="0" tests="26" time="58.081" timestamp="2026-06-07T10:14:56.231711+00:00" hostname="agent-env-4bc4235e-915a-4298-aef1-5b928a6c1810"><testcase classname="backend.tests.test_claros_phase37.TestResearch" name="test_stats" time="8.475"><failure message="AssertionError: missing publications_count: {'publications_total': 3, 'publications_this_year': 0, 'patents_total': 1, 'projects_active': 2, 'grants_total_value': 4250000.0, 'h_index_avg': 3.0}&#10;assert 'publications_count' in {'grants_total_value': 4250000.0, 'h_index_avg': 3.0, 'patents_total': 1, 'projects_active': 2, ...}">backend/tests/test_claros_phase37.py:56: in test_stats
    assert k in d, f"missing {k}: {d}"
E   AssertionError: missing publications_count: {'publications_total': 3, 'publications_this_year': 0, 'patents_total': 1, 'projects_active': 2, 'grants_total_value': 4250000.0, 'h_index_avg': 3.0}
E   assert 'publications_count' in {'grants_total_value': 4250000.0, 'h_index_avg': 3.0, 'patents_total': 1, 'projects_active': 2, ...}</failure></testcase><testcase classname="backend.tests.test_claros_phase37.TestResearch" name="test_publications_seed" time="0.109" /><testcase classname="backend.tests.test_claros_phase37.TestResearch" name="test_add_pub_and_persist" time="0.315" /><testcase classname="backend.tests.test_claros_phase37.TestResearch" name="test_grants_match" time="5.741" /><testcase classname="backend.tests.test_claros_phase37.TestResearch" name="test_literature_review" time="13.385" /><testcase classname="backend.tests.test_claros_phase37.TestResearch" name="test_rbac_student_cannot_post" time="0.461" /><testcase classname="backend.tests.test_claros_phase37.TestPeople" name="test_stats_faculty" time="0.105" /><testcase classname="backend.tests.test_claros_phase37.TestPeople" name="test_stats_student_403" time="0.098" /><testcase classname="backend.tests.test_claros_phase37.TestPeople" name="test_training_list_and_add" time="0.430" /><testcase classname="backend.tests.test_claros_phase37.TestPeople" name="test_training_student_no_fid_400_or_403" time="0.105" /><testcase classname="backend.tests.test_claros_phase37.TestPeople" name="test_workload_me" time="0.103" /><testcase classname="backend.tests.test_claros_phase37.TestPeople" name="test_faculty_me_and_dev_plan" time="9.859" /><testcase classname="backend.tests.test_claros_phase37.TestPeople" name="test_hod_sees_admin_faculty" time="0.454" /><testcase classname="backend.tests.test_claros_phase37.TestAlumni" name="test_stats" time="0.104" /><testcase classname="backend.tests.test_claros_phase37.TestAlumni" name="test_directory_and_mentors" time="0.211" /><testcase classname="backend.tests.test_claros_phase37.TestAlumni" name="test_outreach_and_request" time="4.623" /><testcase classname="backend.tests.test_claros_phase37.TestAlumni" name="test_jobs_list_and_faculty_post_403" time="0.270" /><testcase classname="backend.tests.test_claros_phase37.TestSafe" name="test_stats" time="0.429" /><testcase classname="backend.tests.test_claros_phase37.TestSafe" name="test_visitors_student_403" time="0.104" /><testcase classname="backend.tests.test_claros_phase37.TestSafe" name="test_visitor_create_checkin_checkout" time="0.313" /><testcase classname="backend.tests.test_claros_phase37.TestSafe" name="test_incident_bad_type_400" time="0.110" /><testcase classname="backend.tests.test_claros_phase37.TestSafe" name="test_incident_lifecycle" time="0.198" /><testcase classname="backend.tests.test_claros_phase37.TestGreen" name="test_stats" time="0.110" /><testcase classname="backend.tests.test_claros_phase37.TestGreen" name="test_energy_trends_30_days" time="0.114" /><testcase classname="backend.tests.test_claros_phase37.TestGreen" name="test_metrics_seed" time="0.098" /><testcase classname="backend.tests.test_claros_phase37.TestGreen" name="test_generate_report" time="11.612" /></testsuite></testsuites>