<?xml version="1.0" encoding="utf-8"?><testsuites name="pytest tests"><testsuite name="pytest" errors="0" failures="0" skipped="0" tests="6" time="9.091" timestamp="2026-05-27T10:04:52.871597+00:00" hostname="agent-env-4bc4235e-915a-4298-aef1-5b928a6c1810"><testcase classname="backend.tests.test_phase9_instructor.TestSuggestions" name="test_english_suggestions" time="0.592" /><testcase classname="backend.tests.test_phase9_instructor.TestSuggestions" name="test_arabic_suggestions" time="0.113" /><testcase classname="backend.tests.test_phase9_instructor.TestSuggestions" name="test_cross_tenant_403" time="0.438" /><testcase classname="backend.tests.test_phase9_instructor.TestInstructorMessage" name="test_message_with_persona_depth" time="1.385" /><testcase classname="backend.tests.test_phase9_instructor.TestInstructorMessage" name="test_message_reasoning_request" time="4.189" /><testcase classname="backend.tests.test_phase9_instructor.TestInstructorMessage" name="test_message_defaults" time="2.315" /></testsuite></testsuites>