<?xml version="1.0" encoding="utf-8"?><testsuites name="pytest tests"><testsuite name="pytest" errors="0" failures="0" skipped="0" tests="20" time="8.924" timestamp="2026-05-27T08:13:28.591105+00:00" hostname="agent-env-4bc4235e-915a-4298-aef1-5b928a6c1810"><testcase classname="backend.tests.test_phase6" name="test_templates_per_tenant[isb]" time="5.759" /><testcase classname="backend.tests.test_phase6" name="test_templates_per_tenant[eaic]" time="0.168" /><testcase classname="backend.tests.test_phase6" name="test_templates_per_tenant[uob]" time="0.108" /><testcase classname="backend.tests.test_phase6" name="test_runs_seeded[isb]" time="0.050" /><testcase classname="backend.tests.test_phase6" name="test_runs_seeded[eaic]" time="0.048" /><testcase classname="backend.tests.test_phase6" name="test_runs_seeded[uob]" time="0.050" /><testcase classname="backend.tests.test_phase6" name="test_summary[isb]" time="0.052" /><testcase classname="backend.tests.test_phase6" name="test_summary[eaic]" time="0.054" /><testcase classname="backend.tests.test_phase6" name="test_summary[uob]" time="0.050" /><testcase classname="backend.tests.test_phase6" name="test_approvals_queue[isb]" time="0.050" /><testcase classname="backend.tests.test_phase6" name="test_approvals_queue[eaic]" time="0.047" /><testcase classname="backend.tests.test_phase6" name="test_approvals_queue[uob]" time="0.048" /><testcase classname="backend.tests.test_phase6" name="test_tenant_scope_forbidden" time="0.051" /><testcase classname="backend.tests.test_phase6" name="test_start_run_auto_advance" time="1.535" /><testcase classname="backend.tests.test_phase6" name="test_approve_advances_run" time="0.155" /><testcase classname="backend.tests.test_phase6" name="test_reject_sets_status" time="0.150" /><testcase classname="backend.tests.test_phase6" name="test_rollback_finished_run" time="0.115" /><testcase classname="backend.tests.test_phase6" name="test_audit_list_with_facets" time="0.057" /><testcase classname="backend.tests.test_phase6" name="test_audit_query_filters" time="0.048" /><testcase classname="backend.tests.test_phase6" name="test_audit_event_fetch_and_tenant_404" time="0.154" /></testsuite></testsuites>