<?xml version="1.0" encoding="utf-8"?><testsuites name="pytest tests"><testsuite name="pytest" errors="0" failures="0" skipped="0" tests="25" time="11.341" timestamp="2026-06-06T17:46:36.978980+00:00" hostname="agent-env-4bc4235e-915a-4298-aef1-5b928a6c1810"><testcase classname="backend.tests.test_phase26_nexus.TestTimetable" name="test_solve_9_departments" time="0.620" /><testcase classname="backend.tests.test_phase26_nexus.TestTimetable" name="test_student_403" time="0.456" /><testcase classname="backend.tests.test_phase26_nexus.TestDefaulterPredictor" name="test_shape" time="0.111" /><testcase classname="backend.tests.test_phase26_nexus.TestDefaulterPredictor" name="test_bad_horizon_422" time="0.142" /><testcase classname="backend.tests.test_phase26_nexus.TestLibraryRec" name="test_cold_start" time="0.207" /><testcase classname="backend.tests.test_phase26_nexus.TestJntuh" name="test_sync_within_sla" time="0.106" /><testcase classname="backend.tests.test_phase26_nexus.TestJntuh" name="test_sync_outside_sla" time="0.105" /><testcase classname="backend.tests.test_phase26_nexus.TestJntuh" name="test_bad_kind_422" time="0.107" /><testcase classname="backend.tests.test_phase26_nexus.TestJntuh" name="test_history_filter" time="0.114" /><testcase classname="backend.tests.test_phase26_nexus.TestGrievance" name="test_create_sets_sla" time="0.211" /><testcase classname="backend.tests.test_phase26_nexus.TestGrievance" name="test_update_status" time="0.120" /><testcase classname="backend.tests.test_phase26_nexus.TestGrievance" name="test_bad_status_422" time="0.110" /><testcase classname="backend.tests.test_phase26_nexus.TestGrievance" name="test_unknown_404" time="0.127" /><testcase classname="backend.tests.test_phase26_nexus.TestCertChain" name="test_issue_verify" time="0.215" /><testcase classname="backend.tests.test_phase26_nexus.TestCertChain" name="test_verify_unknown_404" time="0.114" /><testcase classname="backend.tests.test_phase26_nexus.TestCertChain" name="test_issue_student_403" time="0.102" /><testcase classname="backend.tests.test_phase26_nexus.TestCampxMigration" name="test_fidelity_100" time="0.108" /><testcase classname="backend.tests.test_phase26_nexus.TestCampxMigration" name="test_skip_invalid_rows" time="0.103" /><testcase classname="backend.tests.test_phase26_nexus.TestNoticeDraft" name="test_draft" time="6.813" /><testcase classname="backend.tests.test_phase26_nexus.TestFeePlan" name="test_creates_n_instalments" time="0.134" /><testcase classname="backend.tests.test_phase26_nexus.TestFeePlan" name="test_bad_date_422" time="0.137" /><testcase classname="backend.tests.test_phase26_nexus.TestAttendanceAutoAlert" name="test_auto_alert_runs" time="0.108" /><testcase classname="backend.tests.test_phase26_nexus.TestLifecycleGraduate" name="test_graduate_creates_alumni" time="0.343" /><testcase classname="backend.tests.test_phase26_nexus.TestLifecycleGraduate" name="test_unknown_student_404" time="0.098" /><testcase classname="backend.tests.test_phase26_nexus.TestCrossTenant" name="test_cross_tenant_blocked" time="0.447" /></testsuite></testsuites>